Change Component Physical Designator: Old Designator=C1 New Designator=C13
Change Component Physical Designator: Old Designator=C2 New Designator=C14
Change Component Physical Designator: Old Designator=C3 New Designator=C15
Change Component Physical Designator: Old Designator=C4 New Designator=C16
Change Component Physical Designator: Old Designator=C6 New Designator=C17
Change Component Physical Designator: Old Designator=C7 New Designator=C18
Change Component Physical Designator: Old Designator=C8 New Designator=C19
Change Component Physical Designator: Old Designator=C9 New Designator=C20
Change Component Physical Designator: Old Designator=C10 New Designator=C21
Change Component Physical Designator: Old Designator=C11 New Designator=C22
Change Component Physical Designator: Old Designator=C12 New Designator=C23
Change Component Physical Designator: Old Designator=C13 New Designator=C24
Change Component Physical Designator: Old Designator=C14 New Designator=C25
Change Component Physical Designator: Old Designator=C15 New Designator=C26
Change Component Physical Designator: Old Designator=C16 New Designator=C27
Change Component Physical Designator: Old Designator=C17 New Designator=C28
Change Component Physical Designator: Old Designator=C18 New Designator=C29
Change Component Physical Designator: Old Designator=C19 New Designator=C30
Change Component Physical Designator: Old Designator=C22 New Designator=C31
Change Component Physical Designator: Old Designator=C23 New Designator=C32
Change Component Physical Designator: Old Designator=C24 New Designator=C33
Change Component Physical Designator: Old Designator=C25 New Designator=C34
Change Component Physical Designator: Old Designator=C26 New Designator=C35
Change Component Physical Designator: Old Designator=C27 New Designator=C36
Change Component Physical Designator: Old Designator=C28 New Designator=C37
Change Component Physical Designator: Old Designator=C29 New Designator=C38
Change Component Physical Designator: Old Designator=C30_LPF_ADC1 New Designator=C1
Change Component Physical Designator: Old Designator=C30_LPF_ADC2 New Designator=C2
Change Component Physical Designator: Old Designator=C30_LPF_ADC3 New Designator=C3
Change Component Physical Designator: Old Designator=C30_LPF_ADC4 New Designator=C4
Change Component Physical Designator: Old Designator=C30_LPF_ADC5 New Designator=C5
Change Component Physical Designator: Old Designator=C30_LPF_ADC6 New Designator=C6
Change Component Physical Designator: Old Designator=C30_LPF_ADC7 New Designator=C7
Change Component Physical Designator: Old Designator=C30_LPF_ADC8 New Designator=C8
Change Component Physical Designator: Old Designator=C30_LPF_ADC9 New Designator=C9
Change Component Physical Designator: Old Designator=C30_LPF_ADC10 New Designator=C10
Change Component Physical Designator: Old Designator=C30_LPF_DAC1 New Designator=C11
Change Component Physical Designator: Old Designator=C30_LPF_DAC2 New Designator=C12
Change Component Physical Designator: Old Designator=C31 New Designator=C39
Change Component Physical Designator: Old Designator=C32 New Designator=C40
Change Component Physical Designator: Old Designator=C33 New Designator=C41
Change Component Physical Designator: Old Designator=C35 New Designator=C42
Change Component Physical Designator: Old Designator=C36 New Designator=C43
Change Component Physical Designator: Old Designator=C38 New Designator=C44
Change Component Physical Designator: Old Designator=C39 New Designator=C45
Change Component Physical Designator: Old Designator=R1 New Designator=R28
Change Component Physical Designator: Old Designator=R2 New Designator=R29
Change Component Physical Designator: Old Designator=R3 New Designator=R30
Change Component Physical Designator: Old Designator=R4 New Designator=R31
Change Component Physical Designator: Old Designator=R5 New Designator=R32
Change Component Physical Designator: Old Designator=R6 New Designator=R33
Change Component Physical Designator: Old Designator=R7 New Designator=R34
Change Component Physical Designator: Old Designator=R8 New Designator=R35
Change Component Physical Designator: Old Designator=R9 New Designator=R36
Change Component Physical Designator: Old Designator=R10 New Designator=R37
Change Component Physical Designator: Old Designator=R11 New Designator=R38
Change Component Physical Designator: Old Designator=R12 New Designator=R39
Change Component Physical Designator: Old Designator=R13 New Designator=R40
Change Component Physical Designator: Old Designator=R14 New Designator=R41
Change Component Physical Designator: Old Designator=R15 New Designator=R42
Change Component Physical Designator: Old Designator=R16_LPF_ADC1 New Designator=R16
Change Component Physical Designator: Old Designator=R16_LPF_ADC2 New Designator=R17
Change Component Physical Designator: Old Designator=R16_LPF_ADC3 New Designator=R18
Change Component Physical Designator: Old Designator=R16_LPF_ADC4 New Designator=R19
Change Component Physical Designator: Old Designator=R16_LPF_ADC5 New Designator=R20
Change Component Physical Designator: Old Designator=R16_LPF_ADC6 New Designator=R21
Change Component Physical Designator: Old Designator=R16_LPF_ADC7 New Designator=R22
Change Component Physical Designator: Old Designator=R16_LPF_ADC8 New Designator=R23
Change Component Physical Designator: Old Designator=R16_LPF_ADC9 New Designator=R24
Change Component Physical Designator: Old Designator=R16_LPF_ADC10 New Designator=R25
Change Component Physical Designator: Old Designator=R16_LPF_DAC1 New Designator=R26
Change Component Physical Designator: Old Designator=R16_LPF_DAC2 New Designator=R27
Change Component Physical Designator: Old Designator=R17 New Designator=R43
Change Component Physical Designator: Old Designator=R18 New Designator=R44
Change Component Physical Designator: Old Designator=R19 New Designator=R45
Change Component Physical Designator: Old Designator=R20 New Designator=R46
Change Component Physical Designator: Old Designator=R21 New Designator=R47
Change Component Physical Designator: Old Designator=R22 New Designator=R48
Change Component Physical Designator: Old Designator=R23 New Designator=R49
Change Component Physical Designator: Old Designator=R24 New Designator=R50
Change Component Physical Designator: Old Designator=R25 New Designator=R53
Change Component Physical Designator: Old Designator=R26 New Designator=R54
Change Component Physical Designator: Old Designator=R27 New Designator=R55
Change Component Physical Designator: Old Designator=R28 New Designator=R56
Change Component Physical Designator: Old Designator=R29 New Designator=R57
Change Component Physical Designator: Old Designator=R30 New Designator=R58
Change Component Physical Designator: Old Designator=R31 New Designator=R51
Change Component Physical Designator: Old Designator=R32 New Designator=R52
Change Component Physical Designator: Old Designator=R33 New Designator=R15
Change Component Physical Designator: Old Designator=R34 New Designator=R9
Change Component Physical Designator: Old Designator=R35 New Designator=R10
Change Component Physical Designator: Old Designator=R36 New Designator=R11
Change Component Physical Designator: Old Designator=R37 New Designator=R12
Change Component Physical Designator: Old Designator=R38 New Designator=R13
Change Component Physical Designator: Old Designator=R39 New Designator=R14
Change Component Physical Designator: Old Designator=R40 New Designator=R59
Change Component Physical Designator: Old Designator=R41 New Designator=R1
Change Component Physical Designator: Old Designator=R42 New Designator=R2
Change Component Physical Designator: Old Designator=R43 New Designator=R7
Change Component Physical Designator: Old Designator=R44 New Designator=R8
Change Component Physical Designator: Old Designator=R45 New Designator=R3
Change Component Physical Designator: Old Designator=R46 New Designator=R4
Change Component Physical Designator: Old Designator=R47 New Designator=R5
Change Component Physical Designator: Old Designator=R48 New Designator=R6
Change Component Physical Designator: Old Designator=X3 New Designator=X2
Change Component Physical Designator: Old Designator=X5 New Designator=X3
