Added Component: Designator=C1(SMD_0805)
Add component (AddParameter): Name = "Value"; Value = "1мкФ"; VariantName = "[No Variations]"
Add component (AddParameter): Name = "Назначение"; Value = "SMD-конденсатор"; VariantName = "[No Variations]"
Add component (AddParameter): Name = "Наименование"; Value = "К10-79 МП0 «ВП»"; VariantName = "[No Variations]"
Add component (AddParameter): Name = "Потребление, Вт"; Value = "0"; VariantName = "[No Variations]"
Added Component: Designator=C2(SMD_0805)
Add component (AddParameter): Name = "Value"; Value = "1мкФ"; VariantName = "[No Variations]"
Add component (AddParameter): Name = "Назначение"; Value = "SMD-конденсатор"; VariantName = "[No Variations]"
Add component (AddParameter): Name = "Наименование"; Value = "К10-79 МП0 «ВП»"; VariantName = "[No Variations]"
Add component (AddParameter): Name = "Потребление, Вт"; Value = "0"; VariantName = "[No Variations]"
Added Component: Designator=C3(SMD_0805)
Add component (AddParameter): Name = "Value"; Value = "1мкФ"; VariantName = "[No Variations]"
Add component (AddParameter): Name = "Назначение"; Value = "SMD-конденсатор"; VariantName = "[No Variations]"
Add component (AddParameter): Name = "Наименование"; Value = "К10-79 МП0 «ВП»"; VariantName = "[No Variations]"
Add component (AddParameter): Name = "Потребление, Вт"; Value = "0"; VariantName = "[No Variations]"
Added Component: Designator=C4(SMD_0805)
Add component (AddParameter): Name = "Value"; Value = "1мкФ"; VariantName = "[No Variations]"
Add component (AddParameter): Name = "Назначение"; Value = "SMD-конденсатор"; VariantName = "[No Variations]"
Add component (AddParameter): Name = "Наименование"; Value = "К10-79 МП0 «ВП»"; VariantName = "[No Variations]"
Add component (AddParameter): Name = "Потребление, Вт"; Value = "0"; VariantName = "[No Variations]"
Added Component: Designator=C5(SMD_0805)
Add component (AddParameter): Name = "Value"; Value = "1мкФ"; VariantName = "[No Variations]"
Add component (AddParameter): Name = "Назначение"; Value = "SMD-конденсатор"; VariantName = "[No Variations]"
Add component (AddParameter): Name = "Наименование"; Value = "К10-79 МП0 «ВП»"; VariantName = "[No Variations]"
Add component (AddParameter): Name = "Потребление, Вт"; Value = "0"; VariantName = "[No Variations]"
Added Component: Designator=C6(SMD_0805)
Add component (AddParameter): Name = "Value"; Value = "1мкФ"; VariantName = "[No Variations]"
Add component (AddParameter): Name = "Назначение"; Value = "SMD-конденсатор"; VariantName = "[No Variations]"
Add component (AddParameter): Name = "Наименование"; Value = "К10-79 МП0 «ВП»"; VariantName = "[No Variations]"
Add component (AddParameter): Name = "Потребление, Вт"; Value = "0"; VariantName = "[No Variations]"
Added Component: Designator=C7(SMD_0805)
Add component (AddParameter): Name = "Value"; Value = "1мкФ"; VariantName = "[No Variations]"
Add component (AddParameter): Name = "Назначение"; Value = "SMD-конденсатор"; VariantName = "[No Variations]"
Add component (AddParameter): Name = "Наименование"; Value = "К10-79 МП0 «ВП»"; VariantName = "[No Variations]"
Add component (AddParameter): Name = "Потребление, Вт"; Value = "0"; VariantName = "[No Variations]"
Added Component: Designator=C8(SMD_0805)
Add component (AddParameter): Name = "Value"; Value = "1мкФ"; VariantName = "[No Variations]"
Add component (AddParameter): Name = "Назначение"; Value = "SMD-конденсатор"; VariantName = "[No Variations]"
Add component (AddParameter): Name = "Наименование"; Value = "К10-79 МП0 «ВП»"; VariantName = "[No Variations]"
Add component (AddParameter): Name = "Потребление, Вт"; Value = "0"; VariantName = "[No Variations]"
Added Component: Designator=C9(SMD_0805)
Add component (AddParameter): Name = "Value"; Value = "1мкФ"; VariantName = "[No Variations]"
Add component (AddParameter): Name = "Назначение"; Value = "SMD-конденсатор"; VariantName = "[No Variations]"
Add component (AddParameter): Name = "Наименование"; Value = "К10-79 МП0 «ВП»"; VariantName = "[No Variations]"
Add component (AddParameter): Name = "Потребление, Вт"; Value = "0"; VariantName = "[No Variations]"
Added Component: Designator=C10(SMD_0805)
Add component (AddParameter): Name = "Value"; Value = "1мкФ"; VariantName = "[No Variations]"
Add component (AddParameter): Name = "Назначение"; Value = "SMD-конденсатор"; VariantName = "[No Variations]"
Add component (AddParameter): Name = "Наименование"; Value = "К10-79 МП0 «ВП»"; VariantName = "[No Variations]"
Add component (AddParameter): Name = "Потребление, Вт"; Value = "0"; VariantName = "[No Variations]"
Added Component: Designator=C11(SMD_0805)
Add component (AddParameter): Name = "Value"; Value = "1мкФ"; VariantName = "[No Variations]"
Add component (AddParameter): Name = "Назначение"; Value = "SMD-конденсатор"; VariantName = "[No Variations]"
Add component (AddParameter): Name = "Наименование"; Value = "К10-79 МП0 «ВП»"; VariantName = "[No Variations]"
Add component (AddParameter): Name = "Потребление, Вт"; Value = "0"; VariantName = "[No Variations]"
Added Component: Designator=C12(SMD_0805)
Add component (AddParameter): Name = "Value"; Value = "1мкФ"; VariantName = "[No Variations]"
Add component (AddParameter): Name = "Назначение"; Value = "SMD-конденсатор"; VariantName = "[No Variations]"
Add component (AddParameter): Name = "Наименование"; Value = "К10-79 МП0 «ВП»"; VariantName = "[No Variations]"
Add component (AddParameter): Name = "Потребление, Вт"; Value = "0"; VariantName = "[No Variations]"
Added Component: Designator=C13(SMD_0805)
Add component (AddParameter): Name = "Value"; Value = "0,1мкФ"; VariantName = "[No Variations]"
Add component (AddParameter): Name = "Назначение"; Value = "SMD-конденсатор"; VariantName = "[No Variations]"
Add component (AddParameter): Name = "Наименование"; Value = "К10-79 МП0 «ВП»"; VariantName = "[No Variations]"
Add component (AddParameter): Name = "Потребление, Вт"; Value = "0"; VariantName = "[No Variations]"
Added Component: Designator=C14(SMD_0805)
Add component (AddParameter): Name = "Value"; Value = "10мкФ"; VariantName = "[No Variations]"
Add component (AddParameter): Name = "Назначение"; Value = "SMD-конденсатор"; VariantName = "[No Variations]"
Add component (AddParameter): Name = "Наименование"; Value = "К10-79 МП0 «ВП»"; VariantName = "[No Variations]"
Add component (AddParameter): Name = "Потребление, Вт"; Value = "0"; VariantName = "[No Variations]"
Added Component: Designator=C15(SMD_0805)
Add component (AddParameter): Name = "Value"; Value = "0,1мкФ"; VariantName = "[No Variations]"
Add component (AddParameter): Name = "Назначение"; Value = "SMD-конденсатор"; VariantName = "[No Variations]"
Add component (AddParameter): Name = "Наименование"; Value = "К10-79 МП0 «ВП»"; VariantName = "[No Variations]"
Add component (AddParameter): Name = "Потребление, Вт"; Value = "0"; VariantName = "[No Variations]"
Added Component: Designator=C16(SMD_0805)
Add component (AddParameter): Name = "Value"; Value = "0,1мкФ"; VariantName = "[No Variations]"
Add component (AddParameter): Name = "Назначение"; Value = "SMD-конденсатор"; VariantName = "[No Variations]"
Add component (AddParameter): Name = "Наименование"; Value = "К10-79 МП0 «ВП»"; VariantName = "[No Variations]"
Add component (AddParameter): Name = "Потребление, Вт"; Value = "0"; VariantName = "[No Variations]"
Added Component: Designator=C17(SMD_0805)
Add component (AddParameter): Name = "Value"; Value = "10мкФ"; VariantName = "[No Variations]"
Add component (AddParameter): Name = "Назначение"; Value = "SMD-конденсатор"; VariantName = "[No Variations]"
Add component (AddParameter): Name = "Наименование"; Value = "К10-79 МП0 «ВП»"; VariantName = "[No Variations]"
Add component (AddParameter): Name = "Потребление, Вт"; Value = "0"; VariantName = "[No Variations]"
Added Component: Designator=C18(SMD_0805)
Add component (AddParameter): Name = "Value"; Value = "0,1мкФ"; VariantName = "[No Variations]"
Add component (AddParameter): Name = "Назначение"; Value = "SMD-конденсатор"; VariantName = "[No Variations]"
Add component (AddParameter): Name = "Наименование"; Value = "К10-79 МП0 «ВП»"; VariantName = "[No Variations]"
Add component (AddParameter): Name = "Потребление, Вт"; Value = "0"; VariantName = "[No Variations]"
Added Component: Designator=C19(SMD_0805)
Add component (AddParameter): Name = "Value"; Value = "0,1мкФ"; VariantName = "[No Variations]"
Add component (AddParameter): Name = "Назначение"; Value = "SMD-конденсатор"; VariantName = "[No Variations]"
Add component (AddParameter): Name = "Наименование"; Value = "К10-79 МП0 «ВП»"; VariantName = "[No Variations]"
Add component (AddParameter): Name = "Потребление, Вт"; Value = "0"; VariantName = "[No Variations]"
Added Component: Designator=C20(SMD_0805)
Add component (AddParameter): Name = "Value"; Value = "0,1мкФ"; VariantName = "[No Variations]"
Add component (AddParameter): Name = "Назначение"; Value = "SMD-конденсатор"; VariantName = "[No Variations]"
Add component (AddParameter): Name = "Наименование"; Value = "К10-79 МП0 «ВП»"; VariantName = "[No Variations]"
Add component (AddParameter): Name = "Потребление, Вт"; Value = "0"; VariantName = "[No Variations]"
Added Component: Designator=C21(SMD_0805)
Add component (AddParameter): Name = "Value"; Value = "10мкФ"; VariantName = "[No Variations]"
Add component (AddParameter): Name = "Назначение"; Value = "SMD-конденсатор"; VariantName = "[No Variations]"
Add component (AddParameter): Name = "Наименование"; Value = "К10-79 МП0 «ВП»"; VariantName = "[No Variations]"
Add component (AddParameter): Name = "Потребление, Вт"; Value = "0"; VariantName = "[No Variations]"
Added Component: Designator=C22(SMD_0805)
Add component (AddParameter): Name = "Value"; Value = "0,1мкФ"; VariantName = "[No Variations]"
Add component (AddParameter): Name = "Назначение"; Value = "SMD-конденсатор"; VariantName = "[No Variations]"
Add component (AddParameter): Name = "Наименование"; Value = "К10-79 МП0 «ВП»"; VariantName = "[No Variations]"
Add component (AddParameter): Name = "Потребление, Вт"; Value = "0"; VariantName = "[No Variations]"
Added Component: Designator=C23(SMD_0805)
Add component (AddParameter): Name = "Value"; Value = "0,1мкФ"; VariantName = "[No Variations]"
Add component (AddParameter): Name = "Назначение"; Value = "SMD-конденсатор"; VariantName = "[No Variations]"
Add component (AddParameter): Name = "Наименование"; Value = "К10-79 МП0 «ВП»"; VariantName = "[No Variations]"
Add component (AddParameter): Name = "Потребление, Вт"; Value = "0"; VariantName = "[No Variations]"
Added Component: Designator=C24(SMD_0805)
Add component (AddParameter): Name = "Value"; Value = "0,1мкФ"; VariantName = "[No Variations]"
Add component (AddParameter): Name = "Назначение"; Value = "SMD-конденсатор"; VariantName = "[No Variations]"
Add component (AddParameter): Name = "Наименование"; Value = "К10-79 МП0 «ВП»"; VariantName = "[No Variations]"
Add component (AddParameter): Name = "Потребление, Вт"; Value = "0"; VariantName = "[No Variations]"
Added Component: Designator=C25(SMD_0805)
Add component (AddParameter): Name = "Value"; Value = "10мкФ"; VariantName = "[No Variations]"
Add component (AddParameter): Name = "Назначение"; Value = "SMD-конденсатор"; VariantName = "[No Variations]"
Add component (AddParameter): Name = "Наименование"; Value = "К10-79 МП0 «ВП»"; VariantName = "[No Variations]"
Add component (AddParameter): Name = "Потребление, Вт"; Value = "0"; VariantName = "[No Variations]"
Added Component: Designator=C26(SMD_0805)
Add component (AddParameter): Name = "Value"; Value = "0,1мкФ"; VariantName = "[No Variations]"
Add component (AddParameter): Name = "Назначение"; Value = "SMD-конденсатор"; VariantName = "[No Variations]"
Add component (AddParameter): Name = "Наименование"; Value = "К10-79 МП0 «ВП»"; VariantName = "[No Variations]"
Add component (AddParameter): Name = "Потребление, Вт"; Value = "0"; VariantName = "[No Variations]"
Added Component: Designator=C27(SMD_0805)
Add component (AddParameter): Name = "Value"; Value = "0,1мкФ"; VariantName = "[No Variations]"
Add component (AddParameter): Name = "Назначение"; Value = "SMD-конденсатор"; VariantName = "[No Variations]"
Add component (AddParameter): Name = "Наименование"; Value = "К10-79 МП0 «ВП»"; VariantName = "[No Variations]"
Add component (AddParameter): Name = "Потребление, Вт"; Value = "0"; VariantName = "[No Variations]"
Added Component: Designator=C28(SMD_0805)
Add component (AddParameter): Name = "Value"; Value = "0,1мкФ"; VariantName = "[No Variations]"
Add component (AddParameter): Name = "Назначение"; Value = "SMD-конденсатор"; VariantName = "[No Variations]"
Add component (AddParameter): Name = "Наименование"; Value = "К10-79 МП0 «ВП»"; VariantName = "[No Variations]"
Add component (AddParameter): Name = "Потребление, Вт"; Value = "0"; VariantName = "[No Variations]"
Added Component: Designator=C29(SMD_0805)
Add component (AddParameter): Name = "Value"; Value = "0,1мкФ"; VariantName = "[No Variations]"
Add component (AddParameter): Name = "Назначение"; Value = "SMD-конденсатор"; VariantName = "[No Variations]"
Add component (AddParameter): Name = "Наименование"; Value = "К10-79 МП0 «ВП»"; VariantName = "[No Variations]"
Add component (AddParameter): Name = "Потребление, Вт"; Value = "0"; VariantName = "[No Variations]"
Added Component: Designator=C30(SMD_0805)
Add component (AddParameter): Name = "Value"; Value = "0,1мкФ"; VariantName = "[No Variations]"
Add component (AddParameter): Name = "Назначение"; Value = "SMD-конденсатор"; VariantName = "[No Variations]"
Add component (AddParameter): Name = "Наименование"; Value = "К10-79 МП0 «ВП»"; VariantName = "[No Variations]"
Add component (AddParameter): Name = "Потребление, Вт"; Value = "0"; VariantName = "[No Variations]"
Added Component: Designator=C31(SMD_0805)
Add component (AddParameter): Name = "Value"; Value = "0,1мкФ"; VariantName = "[No Variations]"
Add component (AddParameter): Name = "Назначение"; Value = "SMD-конденсатор"; VariantName = "[No Variations]"
Add component (AddParameter): Name = "Наименование"; Value = "К10-79 МП0 «ВП»"; VariantName = "[No Variations]"
Add component (AddParameter): Name = "Потребление, Вт"; Value = "0"; VariantName = "[No Variations]"
Added Component: Designator=C32(SMD_0805)
Add component (AddParameter): Name = "Value"; Value = "0,1мкФ"; VariantName = "[No Variations]"
Add component (AddParameter): Name = "Назначение"; Value = "SMD-конденсатор"; VariantName = "[No Variations]"
Add component (AddParameter): Name = "Наименование"; Value = "К10-79 МП0 «ВП»"; VariantName = "[No Variations]"
Add component (AddParameter): Name = "Потребление, Вт"; Value = "0"; VariantName = "[No Variations]"
Added Component: Designator=C33(SMD_0805)
Add component (AddParameter): Name = "Value"; Value = "10мкФ"; VariantName = "[No Variations]"
Add component (AddParameter): Name = "Назначение"; Value = "SMD-конденсатор"; VariantName = "[No Variations]"
Add component (AddParameter): Name = "Наименование"; Value = "К10-79 МП0 «ВП»"; VariantName = "[No Variations]"
Add component (AddParameter): Name = "Потребление, Вт"; Value = "0"; VariantName = "[No Variations]"
Added Component: Designator=C34(SMD_0805)
Add component (AddParameter): Name = "Value"; Value = "0,1мкФ"; VariantName = "[No Variations]"
Add component (AddParameter): Name = "Назначение"; Value = "SMD-конденсатор"; VariantName = "[No Variations]"
Add component (AddParameter): Name = "Наименование"; Value = "К10-79 МП0 «ВП»"; VariantName = "[No Variations]"
Add component (AddParameter): Name = "Потребление, Вт"; Value = "0"; VariantName = "[No Variations]"
Added Component: Designator=C35(SMD_0805)
Add component (AddParameter): Name = "Value"; Value = "0,1мкФ"; VariantName = "[No Variations]"
Add component (AddParameter): Name = "Назначение"; Value = "SMD-конденсатор"; VariantName = "[No Variations]"
Add component (AddParameter): Name = "Наименование"; Value = "К10-79 МП0 «ВП»"; VariantName = "[No Variations]"
Add component (AddParameter): Name = "Потребление, Вт"; Value = "0"; VariantName = "[No Variations]"
Added Component: Designator=C36(SMD_0805)
Add component (AddParameter): Name = "Value"; Value = "0,1мкФ"; VariantName = "[No Variations]"
Add component (AddParameter): Name = "Назначение"; Value = "SMD-конденсатор"; VariantName = "[No Variations]"
Add component (AddParameter): Name = "Наименование"; Value = "К10-79 МП0 «ВП»"; VariantName = "[No Variations]"
Add component (AddParameter): Name = "Потребление, Вт"; Value = "0"; VariantName = "[No Variations]"
Added Component: Designator=C37(SMD_0805)
Add component (AddParameter): Name = "Value"; Value = "0,1мкФ"; VariantName = "[No Variations]"
Add component (AddParameter): Name = "Назначение"; Value = "SMD-конденсатор"; VariantName = "[No Variations]"
Add component (AddParameter): Name = "Наименование"; Value = "К10-79 МП0 «ВП»"; VariantName = "[No Variations]"
Add component (AddParameter): Name = "Потребление, Вт"; Value = "0"; VariantName = "[No Variations]"
Added Component: Designator=C38(SMD_0805)
Add component (AddParameter): Name = "Value"; Value = "0,1мкФ"; VariantName = "[No Variations]"
Add component (AddParameter): Name = "Назначение"; Value = "SMD-конденсатор"; VariantName = "[No Variations]"
Add component (AddParameter): Name = "Наименование"; Value = "К10-79 МП0 «ВП»"; VariantName = "[No Variations]"
Add component (AddParameter): Name = "Потребление, Вт"; Value = "0"; VariantName = "[No Variations]"
Added Component: Designator=C39(SMD_0805)
Add component (AddParameter): Name = "Value"; Value = "10мкФ"; VariantName = "[No Variations]"
Add component (AddParameter): Name = "Назначение"; Value = "SMD-конденсатор"; VariantName = "[No Variations]"
Add component (AddParameter): Name = "Наименование"; Value = "К10-79 МП0 «ВП»"; VariantName = "[No Variations]"
Add component (AddParameter): Name = "Потребление, Вт"; Value = "0"; VariantName = "[No Variations]"
Added Component: Designator=C40(SMD_0805)
Add component (AddParameter): Name = "Value"; Value = "0,1мкФ"; VariantName = "[No Variations]"
Add component (AddParameter): Name = "Назначение"; Value = "SMD-конденсатор"; VariantName = "[No Variations]"
Add component (AddParameter): Name = "Наименование"; Value = "К10-79 МП0 «ВП»"; VariantName = "[No Variations]"
Add component (AddParameter): Name = "Потребление, Вт"; Value = "0"; VariantName = "[No Variations]"
Added Component: Designator=C41(SMD_0805)
Add component (AddParameter): Name = "Value"; Value = "10мкФ"; VariantName = "[No Variations]"
Add component (AddParameter): Name = "Назначение"; Value = "SMD-конденсатор"; VariantName = "[No Variations]"
Add component (AddParameter): Name = "Наименование"; Value = "К10-79 МП0 «ВП»"; VariantName = "[No Variations]"
Add component (AddParameter): Name = "Потребление, Вт"; Value = "0"; VariantName = "[No Variations]"
Added Component: Designator=C42(SMD_0805)
Add component (AddParameter): Name = "Value"; Value = "0,1мкФ"; VariantName = "[No Variations]"
Add component (AddParameter): Name = "Назначение"; Value = "SMD-конденсатор"; VariantName = "[No Variations]"
Add component (AddParameter): Name = "Наименование"; Value = "К10-79 МП0 «ВП»"; VariantName = "[No Variations]"
Add component (AddParameter): Name = "Потребление, Вт"; Value = "0"; VariantName = "[No Variations]"
Added Component: Designator=C43(SMD_0805)
Add component (AddParameter): Name = "Value"; Value = "10мкФ"; VariantName = "[No Variations]"
Add component (AddParameter): Name = "Назначение"; Value = "SMD-конденсатор"; VariantName = "[No Variations]"
Add component (AddParameter): Name = "Наименование"; Value = "К10-79 МП0 «ВП»"; VariantName = "[No Variations]"
Add component (AddParameter): Name = "Потребление, Вт"; Value = "0"; VariantName = "[No Variations]"
Added Component: Designator=C44(SMD_0805)
Add component (AddParameter): Name = "Value"; Value = "0,1мкФ"; VariantName = "[No Variations]"
Add component (AddParameter): Name = "Назначение"; Value = "SMD-конденсатор"; VariantName = "[No Variations]"
Add component (AddParameter): Name = "Наименование"; Value = "К10-79 МП0 «ВП»"; VariantName = "[No Variations]"
Add component (AddParameter): Name = "Потребление, Вт"; Value = "0"; VariantName = "[No Variations]"
Added Component: Designator=C45(SMD_0805)
Add component (AddParameter): Name = "Value"; Value = "10мкФ"; VariantName = "[No Variations]"
Add component (AddParameter): Name = "Назначение"; Value = "SMD-конденсатор"; VariantName = "[No Variations]"
Add component (AddParameter): Name = "Наименование"; Value = "К10-79 МП0 «ВП»"; VariantName = "[No Variations]"
Add component (AddParameter): Name = "Потребление, Вт"; Value = "0"; VariantName = "[No Variations]"
Added Component: Designator=L1(SMD_0805)
Add component (AddParameter): Name = "Value"; Value = "1мкГн"; VariantName = "[No Variations]"
Add component (AddParameter): Name = "Назначение"; Value = "SMD-индуктивность"; VariantName = "[No Variations]"
Add component (AddParameter): Name = "Наименование"; Value = "Индуктивность"; VariantName = "[No Variations]"
Add component (AddParameter): Name = "Потребление, Вт"; Value = "0,010"; VariantName = "[No Variations]"
Added Component: Designator=R1(SMD_0805)
Add component (AddParameter): Name = "Value"; Value = "1к"; VariantName = "[No Variations]"
Add component (AddParameter): Name = "Назначение"; Value = "SMD-резистор"; VariantName = "[No Variations]"
Add component (AddParameter): Name = "Наименование"; Value = "Р1-12-0.125 ОСМ"; VariantName = "[No Variations]"
Add component (AddParameter): Name = "Потребление, Вт"; Value = "0,001"; VariantName = "[No Variations]"
Added Component: Designator=R2(SMD_0805)
Add component (AddParameter): Name = "Value"; Value = "1к"; VariantName = "[No Variations]"
Add component (AddParameter): Name = "Назначение"; Value = "SMD-резистор"; VariantName = "[No Variations]"
Add component (AddParameter): Name = "Наименование"; Value = "Р1-12-0.125 ОСМ"; VariantName = "[No Variations]"
Add component (AddParameter): Name = "Потребление, Вт"; Value = "0,001"; VariantName = "[No Variations]"
Added Component: Designator=R3(SMD_0805)
Add component (AddParameter): Name = "Value"; Value = "0"; VariantName = "[No Variations]"
Add component (AddParameter): Name = "Назначение"; Value = "SMD-резистор"; VariantName = "[No Variations]"
Add component (AddParameter): Name = "Наименование"; Value = "Р1-12-0.125 ОСМ"; VariantName = "[No Variations]"
Add component (AddParameter): Name = "Потребление, Вт"; Value = "0,001"; VariantName = "[No Variations]"
Added Component: Designator=R4(SMD_0805)
Add component (AddParameter): Name = "Value"; Value = "0"; VariantName = "[No Variations]"
Add component (AddParameter): Name = "Назначение"; Value = "SMD-резистор"; VariantName = "[No Variations]"
Add component (AddParameter): Name = "Наименование"; Value = "Р1-12-0.125 ОСМ"; VariantName = "[No Variations]"
Add component (AddParameter): Name = "Потребление, Вт"; Value = "0,001"; VariantName = "[No Variations]"
Added Component: Designator=R5(SMD_0805)
Add component (AddParameter): Name = "Value"; Value = "0"; VariantName = "[No Variations]"
Add component (AddParameter): Name = "Назначение"; Value = "SMD-резистор"; VariantName = "[No Variations]"
Add component (AddParameter): Name = "Наименование"; Value = "Р1-12-0.125 ОСМ"; VariantName = "[No Variations]"
Add component (AddParameter): Name = "Потребление, Вт"; Value = "0,001"; VariantName = "[No Variations]"
Added Component: Designator=R6(SMD_0805)
Add component (AddParameter): Name = "Value"; Value = "0"; VariantName = "[No Variations]"
Add component (AddParameter): Name = "Назначение"; Value = "SMD-резистор"; VariantName = "[No Variations]"
Add component (AddParameter): Name = "Наименование"; Value = "Р1-12-0.125 ОСМ"; VariantName = "[No Variations]"
Add component (AddParameter): Name = "Потребление, Вт"; Value = "0,001"; VariantName = "[No Variations]"
Added Component: Designator=R7(SMD_0805)
Add component (AddParameter): Name = "Value"; Value = "1к"; VariantName = "[No Variations]"
Add component (AddParameter): Name = "Назначение"; Value = "SMD-резистор"; VariantName = "[No Variations]"
Add component (AddParameter): Name = "Наименование"; Value = "Р1-12-0.125 ОСМ"; VariantName = "[No Variations]"
Add component (AddParameter): Name = "Потребление, Вт"; Value = "0,001"; VariantName = "[No Variations]"
Added Component: Designator=R8(SMD_0805)
Add component (AddParameter): Name = "Value"; Value = "1к"; VariantName = "[No Variations]"
Add component (AddParameter): Name = "Назначение"; Value = "SMD-резистор"; VariantName = "[No Variations]"
Add component (AddParameter): Name = "Наименование"; Value = "Р1-12-0.125 ОСМ"; VariantName = "[No Variations]"
Add component (AddParameter): Name = "Потребление, Вт"; Value = "0,001"; VariantName = "[No Variations]"
Added Component: Designator=R9(SMD_0805)
Add component (AddParameter): Name = "Value"; Value = "1к"; VariantName = "[No Variations]"
Add component (AddParameter): Name = "Назначение"; Value = "SMD-резистор"; VariantName = "[No Variations]"
Add component (AddParameter): Name = "Наименование"; Value = "Р1-12-0.125 ОСМ"; VariantName = "[No Variations]"
Add component (AddParameter): Name = "Потребление, Вт"; Value = "0,001"; VariantName = "[No Variations]"
Added Component: Designator=R10(SMD_0805)
Add component (AddParameter): Name = "Value"; Value = "1к"; VariantName = "[No Variations]"
Add component (AddParameter): Name = "Назначение"; Value = "SMD-резистор"; VariantName = "[No Variations]"
Add component (AddParameter): Name = "Наименование"; Value = "Р1-12-0.125 ОСМ"; VariantName = "[No Variations]"
Add component (AddParameter): Name = "Потребление, Вт"; Value = "0,001"; VariantName = "[No Variations]"
Added Component: Designator=R11(SMD_0805)
Add component (AddParameter): Name = "Value"; Value = "1к"; VariantName = "[No Variations]"
Add component (AddParameter): Name = "Назначение"; Value = "SMD-резистор"; VariantName = "[No Variations]"
Add component (AddParameter): Name = "Наименование"; Value = "Р1-12-0.125 ОСМ"; VariantName = "[No Variations]"
Add component (AddParameter): Name = "Потребление, Вт"; Value = "0,001"; VariantName = "[No Variations]"
Added Component: Designator=R12(SMD_0805)
Add component (AddParameter): Name = "Value"; Value = "1к"; VariantName = "[No Variations]"
Add component (AddParameter): Name = "Назначение"; Value = "SMD-резистор"; VariantName = "[No Variations]"
Add component (AddParameter): Name = "Наименование"; Value = "Р1-12-0.125 ОСМ"; VariantName = "[No Variations]"
Add component (AddParameter): Name = "Потребление, Вт"; Value = "0,001"; VariantName = "[No Variations]"
Added Component: Designator=R13(SMD_0805)
Add component (AddParameter): Name = "Value"; Value = "1к"; VariantName = "[No Variations]"
Add component (AddParameter): Name = "Назначение"; Value = "SMD-резистор"; VariantName = "[No Variations]"
Add component (AddParameter): Name = "Наименование"; Value = "Р1-12-0.125 ОСМ"; VariantName = "[No Variations]"
Add component (AddParameter): Name = "Потребление, Вт"; Value = "0,001"; VariantName = "[No Variations]"
Added Component: Designator=R14(SMD_0805)
Add component (AddParameter): Name = "Value"; Value = "1к"; VariantName = "[No Variations]"
Add component (AddParameter): Name = "Назначение"; Value = "SMD-резистор"; VariantName = "[No Variations]"
Add component (AddParameter): Name = "Наименование"; Value = "Р1-12-0.125 ОСМ"; VariantName = "[No Variations]"
Add component (AddParameter): Name = "Потребление, Вт"; Value = "0,001"; VariantName = "[No Variations]"
Added Component: Designator=R15(SMD_0805)
Add component (AddParameter): Name = "Value"; Value = "100к"; VariantName = "[No Variations]"
Add component (AddParameter): Name = "Назначение"; Value = "SMD-резистор"; VariantName = "[No Variations]"
Add component (AddParameter): Name = "Наименование"; Value = "Р1-12-0.125 ОСМ"; VariantName = "[No Variations]"
Add component (AddParameter): Name = "Потребление, Вт"; Value = "0,001"; VariantName = "[No Variations]"
Added Component: Designator=R16(SMD_0805)
Add component (AddParameter): Name = "Value"; Value = "100"; VariantName = "[No Variations]"
Add component (AddParameter): Name = "Назначение"; Value = "SMD-резистор"; VariantName = "[No Variations]"
Add component (AddParameter): Name = "Наименование"; Value = "Р1-12-0.125 ОСМ"; VariantName = "[No Variations]"
Add component (AddParameter): Name = "Потребление, Вт"; Value = "0,001"; VariantName = "[No Variations]"
Added Component: Designator=R17(SMD_0805)
Add component (AddParameter): Name = "Value"; Value = "100"; VariantName = "[No Variations]"
Add component (AddParameter): Name = "Назначение"; Value = "SMD-резистор"; VariantName = "[No Variations]"
Add component (AddParameter): Name = "Наименование"; Value = "Р1-12-0.125 ОСМ"; VariantName = "[No Variations]"
Add component (AddParameter): Name = "Потребление, Вт"; Value = "0,001"; VariantName = "[No Variations]"
Added Component: Designator=R18(SMD_0805)
Add component (AddParameter): Name = "Value"; Value = "100"; VariantName = "[No Variations]"
Add component (AddParameter): Name = "Назначение"; Value = "SMD-резистор"; VariantName = "[No Variations]"
Add component (AddParameter): Name = "Наименование"; Value = "Р1-12-0.125 ОСМ"; VariantName = "[No Variations]"
Add component (AddParameter): Name = "Потребление, Вт"; Value = "0,001"; VariantName = "[No Variations]"
Added Component: Designator=R19(SMD_0805)
Add component (AddParameter): Name = "Value"; Value = "100"; VariantName = "[No Variations]"
Add component (AddParameter): Name = "Назначение"; Value = "SMD-резистор"; VariantName = "[No Variations]"
Add component (AddParameter): Name = "Наименование"; Value = "Р1-12-0.125 ОСМ"; VariantName = "[No Variations]"
Add component (AddParameter): Name = "Потребление, Вт"; Value = "0,001"; VariantName = "[No Variations]"
Added Component: Designator=R20(SMD_0805)
Add component (AddParameter): Name = "Value"; Value = "100"; VariantName = "[No Variations]"
Add component (AddParameter): Name = "Назначение"; Value = "SMD-резистор"; VariantName = "[No Variations]"
Add component (AddParameter): Name = "Наименование"; Value = "Р1-12-0.125 ОСМ"; VariantName = "[No Variations]"
Add component (AddParameter): Name = "Потребление, Вт"; Value = "0,001"; VariantName = "[No Variations]"
Added Component: Designator=R21(SMD_0805)
Add component (AddParameter): Name = "Value"; Value = "100"; VariantName = "[No Variations]"
Add component (AddParameter): Name = "Назначение"; Value = "SMD-резистор"; VariantName = "[No Variations]"
Add component (AddParameter): Name = "Наименование"; Value = "Р1-12-0.125 ОСМ"; VariantName = "[No Variations]"
Add component (AddParameter): Name = "Потребление, Вт"; Value = "0,001"; VariantName = "[No Variations]"
Added Component: Designator=R22(SMD_0805)
Add component (AddParameter): Name = "Value"; Value = "100"; VariantName = "[No Variations]"
Add component (AddParameter): Name = "Назначение"; Value = "SMD-резистор"; VariantName = "[No Variations]"
Add component (AddParameter): Name = "Наименование"; Value = "Р1-12-0.125 ОСМ"; VariantName = "[No Variations]"
Add component (AddParameter): Name = "Потребление, Вт"; Value = "0,001"; VariantName = "[No Variations]"
Added Component: Designator=R23(SMD_0805)
Add component (AddParameter): Name = "Value"; Value = "100"; VariantName = "[No Variations]"
Add component (AddParameter): Name = "Назначение"; Value = "SMD-резистор"; VariantName = "[No Variations]"
Add component (AddParameter): Name = "Наименование"; Value = "Р1-12-0.125 ОСМ"; VariantName = "[No Variations]"
Add component (AddParameter): Name = "Потребление, Вт"; Value = "0,001"; VariantName = "[No Variations]"
Added Component: Designator=R24(SMD_0805)
Add component (AddParameter): Name = "Value"; Value = "100"; VariantName = "[No Variations]"
Add component (AddParameter): Name = "Назначение"; Value = "SMD-резистор"; VariantName = "[No Variations]"
Add component (AddParameter): Name = "Наименование"; Value = "Р1-12-0.125 ОСМ"; VariantName = "[No Variations]"
Add component (AddParameter): Name = "Потребление, Вт"; Value = "0,001"; VariantName = "[No Variations]"
Added Component: Designator=R25(SMD_0805)
Add component (AddParameter): Name = "Value"; Value = "100"; VariantName = "[No Variations]"
Add component (AddParameter): Name = "Назначение"; Value = "SMD-резистор"; VariantName = "[No Variations]"
Add component (AddParameter): Name = "Наименование"; Value = "Р1-12-0.125 ОСМ"; VariantName = "[No Variations]"
Add component (AddParameter): Name = "Потребление, Вт"; Value = "0,001"; VariantName = "[No Variations]"
Added Component: Designator=R26(SMD_0805)
Add component (AddParameter): Name = "Value"; Value = "100"; VariantName = "[No Variations]"
Add component (AddParameter): Name = "Назначение"; Value = "SMD-резистор"; VariantName = "[No Variations]"
Add component (AddParameter): Name = "Наименование"; Value = "Р1-12-0.125 ОСМ"; VariantName = "[No Variations]"
Add component (AddParameter): Name = "Потребление, Вт"; Value = "0,001"; VariantName = "[No Variations]"
Added Component: Designator=R27(SMD_0805)
Add component (AddParameter): Name = "Value"; Value = "100"; VariantName = "[No Variations]"
Add component (AddParameter): Name = "Назначение"; Value = "SMD-резистор"; VariantName = "[No Variations]"
Add component (AddParameter): Name = "Наименование"; Value = "Р1-12-0.125 ОСМ"; VariantName = "[No Variations]"
Add component (AddParameter): Name = "Потребление, Вт"; Value = "0,001"; VariantName = "[No Variations]"
Added Component: Designator=R28(SMD_0805)
Add component (AddParameter): Name = "Value"; Value = "2к"; VariantName = "[No Variations]"
Add component (AddParameter): Name = "Назначение"; Value = "SMD-резистор"; VariantName = "[No Variations]"
Add component (AddParameter): Name = "Наименование"; Value = "Р1-12-0.125 ОСМ"; VariantName = "[No Variations]"
Add component (AddParameter): Name = "Потребление, Вт"; Value = "0,001"; VariantName = "[No Variations]"
Added Component: Designator=R29(SMD_0805)
Add component (AddParameter): Name = "Value"; Value = "2к"; VariantName = "[No Variations]"
Add component (AddParameter): Name = "Назначение"; Value = "SMD-резистор"; VariantName = "[No Variations]"
Add component (AddParameter): Name = "Наименование"; Value = "Р1-12-0.125 ОСМ"; VariantName = "[No Variations]"
Add component (AddParameter): Name = "Потребление, Вт"; Value = "0,001"; VariantName = "[No Variations]"
Added Component: Designator=R30(SMD_0805)
Add component (AddParameter): Name = "Value"; Value = "30"; VariantName = "[No Variations]"
Add component (AddParameter): Name = "Назначение"; Value = "SMD-резистор"; VariantName = "[No Variations]"
Add component (AddParameter): Name = "Наименование"; Value = "Р1-12-0.125 ОСМ"; VariantName = "[No Variations]"
Add component (AddParameter): Name = "Потребление, Вт"; Value = "0,001"; VariantName = "[No Variations]"
Added Component: Designator=R31(SMD_0805)
Add component (AddParameter): Name = "Value"; Value = "1к"; VariantName = "[No Variations]"
Add component (AddParameter): Name = "Назначение"; Value = "SMD-резистор"; VariantName = "[No Variations]"
Add component (AddParameter): Name = "Наименование"; Value = "Р1-12-0.125 ОСМ"; VariantName = "[No Variations]"
Add component (AddParameter): Name = "Потребление, Вт"; Value = "0,001"; VariantName = "[No Variations]"
Added Component: Designator=R32(SMD_0805)
Add component (AddParameter): Name = "Value"; Value = "1к"; VariantName = "[No Variations]"
Add component (AddParameter): Name = "Назначение"; Value = "SMD-резистор"; VariantName = "[No Variations]"
Add component (AddParameter): Name = "Наименование"; Value = "Р1-12-0.125 ОСМ"; VariantName = "[No Variations]"
Add component (AddParameter): Name = "Потребление, Вт"; Value = "0,001"; VariantName = "[No Variations]"
Added Component: Designator=R33(SMD_0805)
Add component (AddParameter): Name = "Value"; Value = "1к"; VariantName = "[No Variations]"
Add component (AddParameter): Name = "Назначение"; Value = "SMD-резистор"; VariantName = "[No Variations]"
Add component (AddParameter): Name = "Наименование"; Value = "Р1-12-0.125 ОСМ"; VariantName = "[No Variations]"
Add component (AddParameter): Name = "Потребление, Вт"; Value = "0,001"; VariantName = "[No Variations]"
Added Component: Designator=R34(SMD_0805)
Add component (AddParameter): Name = "Value"; Value = "1к"; VariantName = "[No Variations]"
Add component (AddParameter): Name = "Назначение"; Value = "SMD-резистор"; VariantName = "[No Variations]"
Add component (AddParameter): Name = "Наименование"; Value = "Р1-12-0.125 ОСМ"; VariantName = "[No Variations]"
Add component (AddParameter): Name = "Потребление, Вт"; Value = "0,001"; VariantName = "[No Variations]"
Added Component: Designator=R35(SMD_0805)
Add component (AddParameter): Name = "Value"; Value = "1к"; VariantName = "[No Variations]"
Add component (AddParameter): Name = "Назначение"; Value = "SMD-резистор"; VariantName = "[No Variations]"
Add component (AddParameter): Name = "Наименование"; Value = "Р1-12-0.125 ОСМ"; VariantName = "[No Variations]"
Add component (AddParameter): Name = "Потребление, Вт"; Value = "0,001"; VariantName = "[No Variations]"
Added Component: Designator=R36(SMD_0805)
Add component (AddParameter): Name = "Value"; Value = "1к"; VariantName = "[No Variations]"
Add component (AddParameter): Name = "Назначение"; Value = "SMD-резистор"; VariantName = "[No Variations]"
Add component (AddParameter): Name = "Наименование"; Value = "Р1-12-0.125 ОСМ"; VariantName = "[No Variations]"
Add component (AddParameter): Name = "Потребление, Вт"; Value = "0,001"; VariantName = "[No Variations]"
Added Component: Designator=R37(SMD_0805)
Add component (AddParameter): Name = "Value"; Value = "1к"; VariantName = "[No Variations]"
Add component (AddParameter): Name = "Назначение"; Value = "SMD-резистор"; VariantName = "[No Variations]"
Add component (AddParameter): Name = "Наименование"; Value = "Р1-12-0.125 ОСМ"; VariantName = "[No Variations]"
Add component (AddParameter): Name = "Потребление, Вт"; Value = "0,001"; VariantName = "[No Variations]"
Added Component: Designator=R38(SMD_0805)
Add component (AddParameter): Name = "Value"; Value = "1к"; VariantName = "[No Variations]"
Add component (AddParameter): Name = "Назначение"; Value = "SMD-резистор"; VariantName = "[No Variations]"
Add component (AddParameter): Name = "Наименование"; Value = "Р1-12-0.125 ОСМ"; VariantName = "[No Variations]"
Add component (AddParameter): Name = "Потребление, Вт"; Value = "0,001"; VariantName = "[No Variations]"
Added Component: Designator=R39(SMD_0805)
Add component (AddParameter): Name = "Value"; Value = "1к"; VariantName = "[No Variations]"
Add component (AddParameter): Name = "Назначение"; Value = "SMD-резистор"; VariantName = "[No Variations]"
Add component (AddParameter): Name = "Наименование"; Value = "Р1-12-0.125 ОСМ"; VariantName = "[No Variations]"
Add component (AddParameter): Name = "Потребление, Вт"; Value = "0,001"; VariantName = "[No Variations]"
Added Component: Designator=R40(SMD_0805)
Add component (AddParameter): Name = "Value"; Value = "120к"; VariantName = "[No Variations]"
Add component (AddParameter): Name = "Назначение"; Value = "SMD-резистор"; VariantName = "[No Variations]"
Add component (AddParameter): Name = "Наименование"; Value = "Р1-12-0.125 ОСМ"; VariantName = "[No Variations]"
Add component (AddParameter): Name = "Потребление, Вт"; Value = "0,001"; VariantName = "[No Variations]"
Added Component: Designator=R41(SMD_0805)
Add component (AddParameter): Name = "Value"; Value = "120к"; VariantName = "[No Variations]"
Add component (AddParameter): Name = "Назначение"; Value = "SMD-резистор"; VariantName = "[No Variations]"
Add component (AddParameter): Name = "Наименование"; Value = "Р1-12-0.125 ОСМ"; VariantName = "[No Variations]"
Add component (AddParameter): Name = "Потребление, Вт"; Value = "0,001"; VariantName = "[No Variations]"
Added Component: Designator=R42(SMD_0805)
Add component (AddParameter): Name = "Value"; Value = "120к"; VariantName = "[No Variations]"
Add component (AddParameter): Name = "Назначение"; Value = "SMD-резистор"; VariantName = "[No Variations]"
Add component (AddParameter): Name = "Наименование"; Value = "Р1-12-0.125 ОСМ"; VariantName = "[No Variations]"
Add component (AddParameter): Name = "Потребление, Вт"; Value = "0,001"; VariantName = "[No Variations]"
Added Component: Designator=R43(SMD_0805)
Add component (AddParameter): Name = "Value"; Value = "5к"; VariantName = "[No Variations]"
Add component (AddParameter): Name = "Назначение"; Value = "SMD-резистор"; VariantName = "[No Variations]"
Add component (AddParameter): Name = "Наименование"; Value = "Р1-12-0.125 ОСМ"; VariantName = "[No Variations]"
Add component (AddParameter): Name = "Потребление, Вт"; Value = "0,001"; VariantName = "[No Variations]"
Added Component: Designator=R44(SMD_0805)
Add component (AddParameter): Name = "Value"; Value = "5к"; VariantName = "[No Variations]"
Add component (AddParameter): Name = "Назначение"; Value = "SMD-резистор"; VariantName = "[No Variations]"
Add component (AddParameter): Name = "Наименование"; Value = "Р1-12-0.125 ОСМ"; VariantName = "[No Variations]"
Add component (AddParameter): Name = "Потребление, Вт"; Value = "0,001"; VariantName = "[No Variations]"
Added Component: Designator=R45(SMD_0805)
Add component (AddParameter): Name = "Value"; Value = "5к"; VariantName = "[No Variations]"
Add component (AddParameter): Name = "Назначение"; Value = "SMD-резистор"; VariantName = "[No Variations]"
Add component (AddParameter): Name = "Наименование"; Value = "Р1-12-0.125 ОСМ"; VariantName = "[No Variations]"
Add component (AddParameter): Name = "Потребление, Вт"; Value = "0,001"; VariantName = "[No Variations]"
Added Component: Designator=R46(SMD_0805)
Add component (AddParameter): Name = "Value"; Value = "5к"; VariantName = "[No Variations]"
Add component (AddParameter): Name = "Назначение"; Value = "SMD-резистор"; VariantName = "[No Variations]"
Add component (AddParameter): Name = "Наименование"; Value = "Р1-12-0.125 ОСМ"; VariantName = "[No Variations]"
Add component (AddParameter): Name = "Потребление, Вт"; Value = "0,001"; VariantName = "[No Variations]"
Added Component: Designator=R47(SMD_0805)
Add component (AddParameter): Name = "Value"; Value = "56"; VariantName = "[No Variations]"
Add component (AddParameter): Name = "Назначение"; Value = "SMD-резистор"; VariantName = "[No Variations]"
Add component (AddParameter): Name = "Наименование"; Value = "Р1-12-0.125 ОСМ"; VariantName = "[No Variations]"
Add component (AddParameter): Name = "Потребление, Вт"; Value = "0,001"; VariantName = "[No Variations]"
Added Component: Designator=R48(SMD_0805)
Add component (AddParameter): Name = "Value"; Value = "70"; VariantName = "[No Variations]"
Add component (AddParameter): Name = "Назначение"; Value = "SMD-резистор"; VariantName = "[No Variations]"
Add component (AddParameter): Name = "Наименование"; Value = "Р1-12-0.125 ОСМ"; VariantName = "[No Variations]"
Add component (AddParameter): Name = "Потребление, Вт"; Value = "0,001"; VariantName = "[No Variations]"
Added Component: Designator=R49(SMD_0805)
Add component (AddParameter): Name = "Value"; Value = "56"; VariantName = "[No Variations]"
Add component (AddParameter): Name = "Назначение"; Value = "SMD-резистор"; VariantName = "[No Variations]"
Add component (AddParameter): Name = "Наименование"; Value = "Р1-12-0.125 ОСМ"; VariantName = "[No Variations]"
Add component (AddParameter): Name = "Потребление, Вт"; Value = "0,001"; VariantName = "[No Variations]"
Added Component: Designator=R50(SMD_0805)
Add component (AddParameter): Name = "Value"; Value = "56"; VariantName = "[No Variations]"
Add component (AddParameter): Name = "Назначение"; Value = "SMD-резистор"; VariantName = "[No Variations]"
Add component (AddParameter): Name = "Наименование"; Value = "Р1-12-0.125 ОСМ"; VariantName = "[No Variations]"
Add component (AddParameter): Name = "Потребление, Вт"; Value = "0,001"; VariantName = "[No Variations]"
Added Component: Designator=R51(SMD_0805)
Add component (AddParameter): Name = "Value"; Value = "70"; VariantName = "[No Variations]"
Add component (AddParameter): Name = "Назначение"; Value = "SMD-резистор"; VariantName = "[No Variations]"
Add component (AddParameter): Name = "Наименование"; Value = "Р1-12-0.125 ОСМ"; VariantName = "[No Variations]"
Add component (AddParameter): Name = "Потребление, Вт"; Value = "0,001"; VariantName = "[No Variations]"
Added Component: Designator=R52(SMD_0805)
Add component (AddParameter): Name = "Value"; Value = "56"; VariantName = "[No Variations]"
Add component (AddParameter): Name = "Назначение"; Value = "SMD-резистор"; VariantName = "[No Variations]"
Add component (AddParameter): Name = "Наименование"; Value = "Р1-12-0.125 ОСМ"; VariantName = "[No Variations]"
Add component (AddParameter): Name = "Потребление, Вт"; Value = "0,001"; VariantName = "[No Variations]"
Added Component: Designator=R53(SMD_0805)
Add component (AddParameter): Name = "Value"; Value = "1.8к"; VariantName = "[No Variations]"
Add component (AddParameter): Name = "Назначение"; Value = "SMD-резистор"; VariantName = "[No Variations]"
Add component (AddParameter): Name = "Наименование"; Value = "Р1-12-0.125 ОСМ"; VariantName = "[No Variations]"
Add component (AddParameter): Name = "Потребление, Вт"; Value = "0,001"; VariantName = "[No Variations]"
Added Component: Designator=R54(SMD_0805)
Add component (AddParameter): Name = "Value"; Value = "3к"; VariantName = "[No Variations]"
Add component (AddParameter): Name = "Назначение"; Value = "SMD-резистор"; VariantName = "[No Variations]"
Add component (AddParameter): Name = "Наименование"; Value = "Р1-12-0.125 ОСМ"; VariantName = "[No Variations]"
Add component (AddParameter): Name = "Потребление, Вт"; Value = "0,001"; VariantName = "[No Variations]"
Added Component: Designator=R55(SMD_0805)
Add component (AddParameter): Name = "Value"; Value = "56к"; VariantName = "[No Variations]"
Add component (AddParameter): Name = "Назначение"; Value = "SMD-резистор"; VariantName = "[No Variations]"
Add component (AddParameter): Name = "Наименование"; Value = "Р1-12-0.125 ОСМ"; VariantName = "[No Variations]"
Add component (AddParameter): Name = "Потребление, Вт"; Value = "0,001"; VariantName = "[No Variations]"
Added Component: Designator=R56(SMD_0805)
Add component (AddParameter): Name = "Value"; Value = "1.8к"; VariantName = "[No Variations]"
Add component (AddParameter): Name = "Назначение"; Value = "SMD-резистор"; VariantName = "[No Variations]"
Add component (AddParameter): Name = "Наименование"; Value = "Р1-12-0.125 ОСМ"; VariantName = "[No Variations]"
Add component (AddParameter): Name = "Потребление, Вт"; Value = "0,001"; VariantName = "[No Variations]"
Added Component: Designator=R57(SMD_0805)
Add component (AddParameter): Name = "Value"; Value = "3к"; VariantName = "[No Variations]"
Add component (AddParameter): Name = "Назначение"; Value = "SMD-резистор"; VariantName = "[No Variations]"
Add component (AddParameter): Name = "Наименование"; Value = "Р1-12-0.125 ОСМ"; VariantName = "[No Variations]"
Add component (AddParameter): Name = "Потребление, Вт"; Value = "0,001"; VariantName = "[No Variations]"
Added Component: Designator=R58(SMD_0805)
Add component (AddParameter): Name = "Value"; Value = "56к"; VariantName = "[No Variations]"
Add component (AddParameter): Name = "Назначение"; Value = "SMD-резистор"; VariantName = "[No Variations]"
Add component (AddParameter): Name = "Наименование"; Value = "Р1-12-0.125 ОСМ"; VariantName = "[No Variations]"
Add component (AddParameter): Name = "Потребление, Вт"; Value = "0,001"; VariantName = "[No Variations]"
Added Component: Designator=R59(SMD_0805)
Add component (AddParameter): Name = "Value"; Value = "330"; VariantName = "[No Variations]"
Add component (AddParameter): Name = "Назначение"; Value = "SMD-резистор"; VariantName = "[No Variations]"
Add component (AddParameter): Name = "Наименование"; Value = "Р1-12-0.125 ОСМ"; VariantName = "[No Variations]"
Add component (AddParameter): Name = "Потребление, Вт"; Value = "0,001"; VariantName = "[No Variations]"
Added Component: Designator=RJ1(SMD_JMP_0402)
Add component (AddParameter): Name = "Value"; Value = "NU"; VariantName = "[No Variations]"
Add component (AddParameter): Name = "Назначение"; Value = "Резистор для выбора режима"; VariantName = "[No Variations]"
Add component (AddParameter): Name = "Наименование"; Value = "Р1-12-0.125 ОСМ"; VariantName = "[No Variations]"
Add component (AddParameter): Name = "Потребление, Вт"; Value = "0,0"; VariantName = "[No Variations]"
Added Component: Designator=RJ2(SMD_JMP_0402)
Add component (AddParameter): Name = "Value"; Value = "NU"; VariantName = "[No Variations]"
Add component (AddParameter): Name = "Назначение"; Value = "Резистор для выбора режима"; VariantName = "[No Variations]"
Add component (AddParameter): Name = "Наименование"; Value = "Р1-12-0.125 ОСМ"; VariantName = "[No Variations]"
Add component (AddParameter): Name = "Потребление, Вт"; Value = "0,0"; VariantName = "[No Variations]"
Added Component: Designator=RJ3(SMD_JMP_0402)
Add component (AddParameter): Name = "Value"; Value = "NU"; VariantName = "[No Variations]"
Add component (AddParameter): Name = "Назначение"; Value = "Резистор для выбора режима"; VariantName = "[No Variations]"
Add component (AddParameter): Name = "Наименование"; Value = "Р1-12-0.125 ОСМ"; VariantName = "[No Variations]"
Add component (AddParameter): Name = "Потребление, Вт"; Value = "0,0"; VariantName = "[No Variations]"
Added Component: Designator=RJ4(SMD_JMP_0402)
Add component (AddParameter): Name = "Value"; Value = "NU"; VariantName = "[No Variations]"
Add component (AddParameter): Name = "Назначение"; Value = "Резистор для выбора режима"; VariantName = "[No Variations]"
Add component (AddParameter): Name = "Наименование"; Value = "Р1-12-0.125 ОСМ"; VariantName = "[No Variations]"
Add component (AddParameter): Name = "Потребление, Вт"; Value = "0,0"; VariantName = "[No Variations]"
Added Component: Designator=RJ5(SMD_JMP_0402)
Add component (AddParameter): Name = "Value"; Value = "NU"; VariantName = "[No Variations]"
Add component (AddParameter): Name = "Назначение"; Value = "Резистор для выбора режима"; VariantName = "[No Variations]"
Add component (AddParameter): Name = "Наименование"; Value = "Р1-12-0.125 ОСМ"; VariantName = "[No Variations]"
Add component (AddParameter): Name = "Потребление, Вт"; Value = "0,0"; VariantName = "[No Variations]"
Added Component: Designator=RJ6(SMD_JMP_0402)
Add component (AddParameter): Name = "Value"; Value = "NU"; VariantName = "[No Variations]"
Add component (AddParameter): Name = "Назначение"; Value = "Резистор для выбора режима"; VariantName = "[No Variations]"
Add component (AddParameter): Name = "Наименование"; Value = "Р1-12-0.125 ОСМ"; VariantName = "[No Variations]"
Add component (AddParameter): Name = "Потребление, Вт"; Value = "0,0"; VariantName = "[No Variations]"
Added Component: Designator=RJ7(SMD_JMP_0402)
Add component (AddParameter): Name = "Value"; Value = "NU"; VariantName = "[No Variations]"
Add component (AddParameter): Name = "Назначение"; Value = "Резистор для выбора режима"; VariantName = "[No Variations]"
Add component (AddParameter): Name = "Наименование"; Value = "Р1-12-0.125 ОСМ"; VariantName = "[No Variations]"
Add component (AddParameter): Name = "Потребление, Вт"; Value = "0,0"; VariantName = "[No Variations]"
Added Component: Designator=RJ8(SMD_JMP_0402)
Add component (AddParameter): Name = "Value"; Value = "NU"; VariantName = "[No Variations]"
Add component (AddParameter): Name = "Назначение"; Value = "Резистор для выбора режима"; VariantName = "[No Variations]"
Add component (AddParameter): Name = "Наименование"; Value = "Р1-12-0.125 ОСМ"; VariantName = "[No Variations]"
Add component (AddParameter): Name = "Потребление, Вт"; Value = "0,0"; VariantName = "[No Variations]"
Added Component: Designator=T1(TIL-6V)
Add component (AddParameter): Name = "Назначение"; Value = "Импульсный трансформатор МПИ"; VariantName = "[No Variations]"
Add component (AddParameter): Name = "Наименование"; Value = "ТИЛ-6В "ОС""; VariantName = "[No Variations]"
Add component (AddParameter): Name = "Потребление, Вт"; Value = "0.0"; VariantName = "[No Variations]"
Added Component: Designator=T2(TIL-6V)
Add component (AddParameter): Name = "Назначение"; Value = "Импульсный трансформатор МПИ"; VariantName = "[No Variations]"
Add component (AddParameter): Name = "Наименование"; Value = "ТИЛ-6В "ОС""; VariantName = "[No Variations]"
Add component (AddParameter): Name = "Потребление, Вт"; Value = "0.0"; VariantName = "[No Variations]"
Added Component: Designator=U1(4244.256-3)
Add component (AddParameter): Name = "ComponentLink1Description"; Value = "DataSheet"; VariantName = "[No Variations]"
Add component (AddParameter): Name = "ComponentLink1URL"; Value = "https://ic.milandr.ru/upload/iblock/62c/62ca58d6ede1a3e06d56be1e19dbdbc8.pdf"; VariantName = "[No Variations]"
Add component (AddParameter): Name = "ComponentLink2Description"; Value = "Errata"; VariantName = "[No Variations]"
Add component (AddParameter): Name = "ComponentLink2URL"; Value = "https://ic.milandr.ru/upload/iblock/379/379105061a67e6dd9373b458eff4ec3a.pdf"; VariantName = "[No Variations]"
Add component (AddParameter): Name = "Назначение"; Value = "АРМ микроконтроллер"; VariantName = "[No Variations]"
Add component (AddParameter): Name = "Наименование"; Value = "1986BE8T"; VariantName = "[No Variations]"
Add component (AddParameter): Name = "Потребление, Вт"; Value = ""; VariantName = "[No Variations]"
Added Component: Designator=U2(5134.64-6)
Add component (AddParameter): Name = "ComponentLink1Description"; Value = "DataSheet"; VariantName = "[No Variations]"
Add component (AddParameter): Name = "ComponentLink1URL"; Value = "https://forum.milandr.ru/download/file.php?id=473"; VariantName = "[No Variations]"
Add component (AddParameter): Name = "Назначение"; Value = "ОППЗУ"; VariantName = "[No Variations]"
Add component (AddParameter): Name = "Наименование"; Value = "1645РТ2У "ВП""; VariantName = "[No Variations]"
Add component (AddParameter): Name = "Потребление, Вт"; Value = "0.330"; VariantName = "[No Variations]"
Added Component: Designator=U3(TDFN-8_6x5)
Add component (AddParameter): Name = "ComponentLink1Description"; Value = "Datasheet"; VariantName = "[No Variations]"
Add component (AddParameter): Name = "ComponentLink1URL"; Value = "https://www.cypress.com/file/136456/download"; VariantName = "[No Variations]"
Add component (AddParameter): Name = "Назначение"; Value = "2Mb Serial 3V FRAM Memory"; VariantName = "[No Variations]"
Add component (AddParameter): Name = "Наименование"; Value = "FM25V20"; VariantName = "[No Variations]"
Add component (AddParameter): Name = "Потребление, Вт"; Value = "0,009"; VariantName = "[No Variations]"
Added Component: Designator=U4(TDFN-8_6x5)
Add component (AddParameter): Name = "ComponentLink1Description"; Value = "Datasheet"; VariantName = "[No Variations]"
Add component (AddParameter): Name = "ComponentLink1URL"; Value = "https://www.cypress.com/file/136456/download"; VariantName = "[No Variations]"
Add component (AddParameter): Name = "Назначение"; Value = "2Mb Serial 3V FRAM Memory"; VariantName = "[No Variations]"
Add component (AddParameter): Name = "Наименование"; Value = "FM25V20"; VariantName = "[No Variations]"
Add component (AddParameter): Name = "Потребление, Вт"; Value = "0,009"; VariantName = "[No Variations]"
Added Component: Designator=U5(TDFN-8_6x5)
Add component (AddParameter): Name = "ComponentLink1Description"; Value = "Datasheet"; VariantName = "[No Variations]"
Add component (AddParameter): Name = "ComponentLink1URL"; Value = "https://www.cypress.com/file/136456/download"; VariantName = "[No Variations]"
Add component (AddParameter): Name = "Назначение"; Value = "2Mb Serial 3V FRAM Memory"; VariantName = "[No Variations]"
Add component (AddParameter): Name = "Наименование"; Value = "FM25V20"; VariantName = "[No Variations]"
Add component (AddParameter): Name = "Потребление, Вт"; Value = "0,009"; VariantName = "[No Variations]"
Added Component: Designator=U6(TDFN-8_6x5)
Add component (AddParameter): Name = "ComponentLink1Description"; Value = "Datasheet"; VariantName = "[No Variations]"
Add component (AddParameter): Name = "ComponentLink1URL"; Value = "https://www.cypress.com/file/136456/download"; VariantName = "[No Variations]"
Add component (AddParameter): Name = "Назначение"; Value = "2Mb Serial 3V FRAM Memory"; VariantName = "[No Variations]"
Add component (AddParameter): Name = "Наименование"; Value = "FM25V20"; VariantName = "[No Variations]"
Add component (AddParameter): Name = "Потребление, Вт"; Value = "0,009"; VariantName = "[No Variations]"
Added Component: Designator=U7(TDFN-8_6x5)
Add component (AddParameter): Name = "ComponentLink1Description"; Value = "Datasheet"; VariantName = "[No Variations]"
Add component (AddParameter): Name = "ComponentLink1URL"; Value = "https://www.cypress.com/file/136456/download"; VariantName = "[No Variations]"
Add component (AddParameter): Name = "Назначение"; Value = "2Mb Serial 3V FRAM Memory"; VariantName = "[No Variations]"
Add component (AddParameter): Name = "Наименование"; Value = "FM25V20"; VariantName = "[No Variations]"
Add component (AddParameter): Name = "Потребление, Вт"; Value = "0,009"; VariantName = "[No Variations]"
Added Component: Designator=U8(4153.20-6)
Add component (AddParameter): Name = "ComponentLink1Description"; Value = "DataSheet"; VariantName = "[No Variations]"
Add component (AddParameter): Name = "ComponentLink1URL"; Value = "https://www.integral.by/sites/default/files/pdf/23_specifikaciya_5559in73t-74t.pdf"; VariantName = "[No Variations]"
Add component (AddParameter): Name = "Назначение"; Value = "Приемопередатчик манчестерского кода"; VariantName = "[No Variations]"
Add component (AddParameter): Name = "Наименование"; Value = "5559ИН73Т "ОСМ""; VariantName = "[No Variations]"
Add component (AddParameter): Name = "Потребление, Вт"; Value = "0.1"; VariantName = "[No Variations]"
Added Component: Designator=U9(4116.4-3_offcut)
Add component (AddParameter): Name = "ComponentLink1Description"; Value = "DataSheet"; VariantName = "[No Variations]"
Add component (AddParameter): Name = "ComponentLink1URL"; Value = "https://www.radiant.su/files/images/Kremhij-marketing/1278EP1T.pdf"; VariantName = "[No Variations]"
Add component (AddParameter): Name = "Назначение"; Value = "Линейный регулятор"; VariantName = "[No Variations]"
Add component (AddParameter): Name = "Наименование"; Value = "1278ЕР1Т "ВП""; VariantName = "[No Variations]"
Add component (AddParameter): Name = "Потребление, Вт"; Value = "0,100"; VariantName = "[No Variations]"
Added Component: Designator=U10(4116.4-3_offcut)
Add component (AddParameter): Name = "ComponentLink1Description"; Value = "DataSheet"; VariantName = "[No Variations]"
Add component (AddParameter): Name = "ComponentLink1URL"; Value = "https://www.radiant.su/files/images/Kremhij-marketing/1278EP1T.pdf"; VariantName = "[No Variations]"
Add component (AddParameter): Name = "Назначение"; Value = "Линейный регулятор"; VariantName = "[No Variations]"
Add component (AddParameter): Name = "Наименование"; Value = "1278ЕР1Т "ВП""; VariantName = "[No Variations]"
Add component (AddParameter): Name = "Потребление, Вт"; Value = "0,100"; VariantName = "[No Variations]"
Added Component: Designator=X1(PLD2-20)
Add component (AddParameter): Name = "Назначение"; Value = "Header, 20-Pin, Dual row"; VariantName = "[No Variations]"
Add component (AddParameter): Name = "Наименование"; Value = "PLD2-20"; VariantName = "[No Variations]"
Add component (AddParameter): Name = "Потребление, Вт"; Value = "0,0"; VariantName = "[No Variations]"
Added Component: Designator=X2(PLD2-20)
Add component (AddParameter): Name = "Назначение"; Value = "Header, 20-Pin, Dual row"; VariantName = "[No Variations]"
Add component (AddParameter): Name = "Наименование"; Value = "PLD2-20"; VariantName = "[No Variations]"
Add component (AddParameter): Name = "Потребление, Вт"; Value = "0,0"; VariantName = "[No Variations]"
Added Pin To Net: NetName=+5V Pin=C42-2
Added Pin To Net: NetName=+5V Pin=C44-2
Added Pin To Net: NetName=+5V Pin=R3-1
Added Pin To Net: NetName=+5V Pin=R4-2
Added Pin To Net: NetName=+5V Pin=R5-1
Added Pin To Net: NetName=+5V Pin=R6-2
Added Pin To Net: NetName=+5V Pin=U9-2
Added Pin To Net: NetName=+5V Pin=U10-2
Added Net: Name=+5V
Added Pin To Net: NetName=3V3A Pin=C29-2
Added Pin To Net: NetName=3V3A Pin=C30-2
Added Pin To Net: NetName=3V3A Pin=C45-2
Added Pin To Net: NetName=3V3A Pin=R56-2
Added Pin To Net: NetName=3V3A Pin=R59-2
Added Pin To Net: NetName=3V3A Pin=U1-108
Added Pin To Net: NetName=3V3A Pin=U1-126
Added Pin To Net: NetName=3V3A Pin=U10-8
Added Pin To Net: NetName=3V3A Pin=U10-11
Added Pin To Net: NetName=3V3A Pin=X2-19
Added Net: Name=3V3A
Added Pin To Net: NetName=3V3 Pin=C13-2
Added Pin To Net: NetName=3V3 Pin=C21-2
Added Pin To Net: NetName=3V3 Pin=C22-2
Added Pin To Net: NetName=3V3 Pin=C23-2
Added Pin To Net: NetName=3V3 Pin=C24-2
Added Pin To Net: NetName=3V3 Pin=C25-2
Added Pin To Net: NetName=3V3 Pin=C26-2
Added Pin To Net: NetName=3V3 Pin=C27-2
Added Pin To Net: NetName=3V3 Pin=C28-2
Added Pin To Net: NetName=3V3 Pin=C31-1
Added Pin To Net: NetName=3V3 Pin=C32-1
Added Pin To Net: NetName=3V3 Pin=C33-2
Added Pin To Net: NetName=3V3 Pin=C34-2
Added Pin To Net: NetName=3V3 Pin=C35-2
Added Pin To Net: NetName=3V3 Pin=C36-2
Added Pin To Net: NetName=3V3 Pin=C37-2
Added Pin To Net: NetName=3V3 Pin=C38-2
Added Pin To Net: NetName=3V3 Pin=C39-2
Added Pin To Net: NetName=3V3 Pin=C40-2
Added Pin To Net: NetName=3V3 Pin=C41-2
Added Pin To Net: NetName=3V3 Pin=C43-2
Added Pin To Net: NetName=3V3 Pin=R29-2
Added Pin To Net: NetName=3V3 Pin=R31-1
Added Pin To Net: NetName=3V3 Pin=R32-1
Added Pin To Net: NetName=3V3 Pin=R33-1
Added Pin To Net: NetName=3V3 Pin=R34-1
Added Pin To Net: NetName=3V3 Pin=R35-1
Added Pin To Net: NetName=3V3 Pin=R36-1
Added Pin To Net: NetName=3V3 Pin=R37-1
Added Pin To Net: NetName=3V3 Pin=R38-1
Added Pin To Net: NetName=3V3 Pin=R39-1
Added Pin To Net: NetName=3V3 Pin=R53-2
Added Pin To Net: NetName=3V3 Pin=RJ1-2
Added Pin To Net: NetName=3V3 Pin=RJ2-2
Added Pin To Net: NetName=3V3 Pin=RJ3-2
Added Pin To Net: NetName=3V3 Pin=RJ4-2
Added Pin To Net: NetName=3V3 Pin=RJ5-2
Added Pin To Net: NetName=3V3 Pin=RJ6-2
Added Pin To Net: NetName=3V3 Pin=RJ7-2
Added Pin To Net: NetName=3V3 Pin=RJ8-2
Added Pin To Net: NetName=3V3 Pin=U1-20
Added Pin To Net: NetName=3V3 Pin=U1-21
Added Pin To Net: NetName=3V3 Pin=U1-24
Added Pin To Net: NetName=3V3 Pin=U1-25
Added Pin To Net: NetName=3V3 Pin=U1-65
Added Pin To Net: NetName=3V3 Pin=U1-70
Added Pin To Net: NetName=3V3 Pin=U1-81
Added Pin To Net: NetName=3V3 Pin=U1-103
Added Pin To Net: NetName=3V3 Pin=U1-124
Added Pin To Net: NetName=3V3 Pin=U1-125
Added Pin To Net: NetName=3V3 Pin=U1-153
Added Pin To Net: NetName=3V3 Pin=U1-155
Added Pin To Net: NetName=3V3 Pin=U1-159
Added Pin To Net: NetName=3V3 Pin=U1-162
Added Pin To Net: NetName=3V3 Pin=U1-193
Added Pin To Net: NetName=3V3 Pin=U1-194
Added Pin To Net: NetName=3V3 Pin=U1-213
Added Pin To Net: NetName=3V3 Pin=U1-232
Added Pin To Net: NetName=3V3 Pin=U1-233
Added Pin To Net: NetName=3V3 Pin=U1-254
Added Pin To Net: NetName=3V3 Pin=U2-1
Added Pin To Net: NetName=3V3 Pin=U2-16
Added Pin To Net: NetName=3V3 Pin=U2-17
Added Pin To Net: NetName=3V3 Pin=U2-27
Added Pin To Net: NetName=3V3 Pin=U2-33
Added Pin To Net: NetName=3V3 Pin=U2-40
Added Pin To Net: NetName=3V3 Pin=U2-52
Added Pin To Net: NetName=3V3 Pin=U3-3
Added Pin To Net: NetName=3V3 Pin=U3-7
Added Pin To Net: NetName=3V3 Pin=U3-8
Added Pin To Net: NetName=3V3 Pin=U4-3
Added Pin To Net: NetName=3V3 Pin=U4-7
Added Pin To Net: NetName=3V3 Pin=U4-8
Added Pin To Net: NetName=3V3 Pin=U5-3
Added Pin To Net: NetName=3V3 Pin=U5-7
Added Pin To Net: NetName=3V3 Pin=U5-8
Added Pin To Net: NetName=3V3 Pin=U6-3
Added Pin To Net: NetName=3V3 Pin=U6-7
Added Pin To Net: NetName=3V3 Pin=U6-8
Added Pin To Net: NetName=3V3 Pin=U7-3
Added Pin To Net: NetName=3V3 Pin=U7-7
Added Pin To Net: NetName=3V3 Pin=U7-8
Added Pin To Net: NetName=3V3 Pin=U8-1
Added Pin To Net: NetName=3V3 Pin=U8-4
Added Pin To Net: NetName=3V3 Pin=U8-6
Added Pin To Net: NetName=3V3 Pin=U8-9
Added Pin To Net: NetName=3V3 Pin=U9-8
Added Pin To Net: NetName=3V3 Pin=U9-11
Added Pin To Net: NetName=3V3 Pin=X2-17
Added Net: Name=3V3
Added Pin To Net: NetName=A_0 Pin=U1-90
Added Pin To Net: NetName=A_0 Pin=U2-2
Added Net: Name=A_0
Added Pin To Net: NetName=A_1 Pin=U1-89
Added Pin To Net: NetName=A_1 Pin=U2-3
Added Net: Name=A_1
Added Pin To Net: NetName=A_2 Pin=U1-88
Added Pin To Net: NetName=A_2 Pin=U2-4
Added Net: Name=A_2
Added Pin To Net: NetName=A_3 Pin=U1-86
Added Pin To Net: NetName=A_3 Pin=U2-5
Added Net: Name=A_3
Added Pin To Net: NetName=A_4 Pin=U1-85
Added Pin To Net: NetName=A_4 Pin=U2-6
Added Net: Name=A_4
Added Pin To Net: NetName=A_5 Pin=U1-84
Added Pin To Net: NetName=A_5 Pin=U2-7
Added Net: Name=A_5
Added Pin To Net: NetName=A_6 Pin=U1-83
Added Pin To Net: NetName=A_6 Pin=U2-8
Added Net: Name=A_6
Added Pin To Net: NetName=A_7 Pin=U1-82
Added Pin To Net: NetName=A_7 Pin=U2-19
Added Net: Name=A_7
Added Pin To Net: NetName=A_8 Pin=U1-80
Added Pin To Net: NetName=A_8 Pin=U2-20
Added Net: Name=A_8
Added Pin To Net: NetName=A_9 Pin=U1-79
Added Pin To Net: NetName=A_9 Pin=U2-21
Added Net: Name=A_9
Added Pin To Net: NetName=A_10 Pin=U1-78
Added Pin To Net: NetName=A_10 Pin=U2-45
Added Net: Name=A_10
Added Pin To Net: NetName=A_11 Pin=U1-77
Added Pin To Net: NetName=A_11 Pin=U2-59
Added Net: Name=A_11
Added Pin To Net: NetName=A_12 Pin=U1-76
Added Pin To Net: NetName=A_12 Pin=U2-60
Added Net: Name=A_12
Added Pin To Net: NetName=A_13 Pin=U1-74
Added Pin To Net: NetName=A_13 Pin=U2-61
Added Net: Name=A_13
Added Pin To Net: NetName=A_14 Pin=U1-73
Added Pin To Net: NetName=A_14 Pin=U2-62
Added Net: Name=A_14
Added Pin To Net: NetName=A_15 Pin=U1-72
Added Net: Name=A_15
Added Pin To Net: NetName=A_N Pin=T1-1
Added Pin To Net: NetName=A_N Pin=U8-3
Added Net: Name=A_N
Added Pin To Net: NetName=A_P Pin=T1-4
Added Pin To Net: NetName=A_P Pin=U8-2
Added Net: Name=A_P
Added Pin To Net: NetName=ADC_0 Pin=R16-1
Added Pin To Net: NetName=ADC_0 Pin=X2-15
Added Net: Name=ADC_0
Added Pin To Net: NetName=ADC_1 Pin=R17-1
Added Pin To Net: NetName=ADC_1 Pin=X2-16
Added Net: Name=ADC_1
Added Pin To Net: NetName=ADC_2 Pin=R18-1
Added Pin To Net: NetName=ADC_2 Pin=X2-13
Added Net: Name=ADC_2
Added Pin To Net: NetName=ADC_3 Pin=R19-1
Added Pin To Net: NetName=ADC_3 Pin=X2-14
Added Net: Name=ADC_3
Added Pin To Net: NetName=ADC_4 Pin=R20-1
Added Pin To Net: NetName=ADC_4 Pin=X2-11
Added Net: Name=ADC_4
Added Pin To Net: NetName=ADC_5 Pin=R21-1
Added Pin To Net: NetName=ADC_5 Pin=X2-12
Added Net: Name=ADC_5
Added Pin To Net: NetName=ADC_6 Pin=R22-1
Added Pin To Net: NetName=ADC_6 Pin=X2-9
Added Net: Name=ADC_6
Added Pin To Net: NetName=ADC_7 Pin=R23-1
Added Pin To Net: NetName=ADC_7 Pin=X2-10
Added Net: Name=ADC_7
Added Pin To Net: NetName=ADC_8 Pin=R24-1
Added Pin To Net: NetName=ADC_8 Pin=X2-7
Added Net: Name=ADC_8
Added Pin To Net: NetName=ADC_9 Pin=R25-1
Added Pin To Net: NetName=ADC_9 Pin=X2-8
Added Net: Name=ADC_9
Added Pin To Net: NetName=ADC_10 Pin=X2-5
Added Net: Name=ADC_10
Added Pin To Net: NetName=ADC_11 Pin=X2-6
Added Net: Name=ADC_11
Added Pin To Net: NetName=ADC_12 Pin=X2-3
Added Net: Name=ADC_12
Added Pin To Net: NetName=ADC_13 Pin=X2-4
Added Net: Name=ADC_13
Added Pin To Net: NetName=ADC_IN_0 Pin=C1-2
Added Pin To Net: NetName=ADC_IN_0 Pin=R16-2
Added Pin To Net: NetName=ADC_IN_0 Pin=U1-122
Added Net: Name=ADC_IN_0
Added Pin To Net: NetName=ADC_IN_1 Pin=C2-2
Added Pin To Net: NetName=ADC_IN_1 Pin=R17-2
Added Pin To Net: NetName=ADC_IN_1 Pin=U1-121
Added Net: Name=ADC_IN_1
Added Pin To Net: NetName=ADC_IN_2 Pin=C3-2
Added Pin To Net: NetName=ADC_IN_2 Pin=R18-2
Added Pin To Net: NetName=ADC_IN_2 Pin=U1-120
Added Net: Name=ADC_IN_2
Added Pin To Net: NetName=ADC_IN_3 Pin=C4-2
Added Pin To Net: NetName=ADC_IN_3 Pin=R19-2
Added Pin To Net: NetName=ADC_IN_3 Pin=U1-117
Added Net: Name=ADC_IN_3
Added Pin To Net: NetName=ADC_IN_4 Pin=C5-2
Added Pin To Net: NetName=ADC_IN_4 Pin=R20-2
Added Pin To Net: NetName=ADC_IN_4 Pin=U1-116
Added Net: Name=ADC_IN_4
Added Pin To Net: NetName=ADC_IN_5 Pin=C6-2
Added Pin To Net: NetName=ADC_IN_5 Pin=R21-2
Added Pin To Net: NetName=ADC_IN_5 Pin=U1-115
Added Net: Name=ADC_IN_5
Added Pin To Net: NetName=ADC_IN_6 Pin=C7-2
Added Pin To Net: NetName=ADC_IN_6 Pin=R22-2
Added Pin To Net: NetName=ADC_IN_6 Pin=U1-114
Added Net: Name=ADC_IN_6
Added Pin To Net: NetName=ADC_IN_7 Pin=C8-2
Added Pin To Net: NetName=ADC_IN_7 Pin=R23-2
Added Pin To Net: NetName=ADC_IN_7 Pin=U1-112
Added Net: Name=ADC_IN_7
Added Pin To Net: NetName=ADC_IN_8 Pin=C9-2
Added Pin To Net: NetName=ADC_IN_8 Pin=R24-2
Added Pin To Net: NetName=ADC_IN_8 Pin=U1-111
Added Net: Name=ADC_IN_8
Added Pin To Net: NetName=ADC_IN_9 Pin=C10-2
Added Pin To Net: NetName=ADC_IN_9 Pin=R25-2
Added Pin To Net: NetName=ADC_IN_9 Pin=U1-110
Added Net: Name=ADC_IN_9
Added Pin To Net: NetName=B_N Pin=T2-1
Added Pin To Net: NetName=B_N Pin=U8-8
Added Net: Name=B_N
Added Pin To Net: NetName=B_P Pin=T2-4
Added Pin To Net: NetName=B_P Pin=U8-7
Added Net: Name=B_P
Added Pin To Net: NetName=BDVCC Pin=C20-2
Added Pin To Net: NetName=BDVCC Pin=U1-64
Added Net: Name=BDVCC
Added Pin To Net: NetName=CASE Pin=R15-1
Added Net: Name=CASE
Added Pin To Net: NetName=D_0 Pin=U1-46
Added Pin To Net: NetName=D_0 Pin=U2-29
Added Net: Name=D_0
Added Pin To Net: NetName=D_1 Pin=U1-45
Added Pin To Net: NetName=D_1 Pin=U2-30
Added Net: Name=D_1
Added Pin To Net: NetName=D_2 Pin=U1-44
Added Pin To Net: NetName=D_2 Pin=U2-31
Added Net: Name=D_2
Added Pin To Net: NetName=D_3 Pin=U1-43
Added Pin To Net: NetName=D_3 Pin=U2-34
Added Net: Name=D_3
Added Pin To Net: NetName=D_4 Pin=U1-42
Added Pin To Net: NetName=D_4 Pin=U2-35
Added Net: Name=D_4
Added Pin To Net: NetName=D_5 Pin=U1-41
Added Pin To Net: NetName=D_5 Pin=U2-36
Added Net: Name=D_5
Added Pin To Net: NetName=D_6 Pin=U1-40
Added Pin To Net: NetName=D_6 Pin=U2-37
Added Net: Name=D_6
Added Pin To Net: NetName=D_7 Pin=U1-39
Added Pin To Net: NetName=D_7 Pin=U2-38
Added Net: Name=D_7
Added Pin To Net: NetName=DAC_0 Pin=C11-2
Added Pin To Net: NetName=DAC_0 Pin=R26-2
Added Net: Name=DAC_0
Added Pin To Net: NetName=DAC_1 Pin=C12-2
Added Pin To Net: NetName=DAC_1 Pin=R27-2
Added Net: Name=DAC_1
Added Pin To Net: NetName=DAC_OUT_0 Pin=R26-1
Added Pin To Net: NetName=DAC_OUT_0 Pin=U1-100
Added Net: Name=DAC_OUT_0
Added Pin To Net: NetName=DAC_OUT_1 Pin=R27-1
Added Pin To Net: NetName=DAC_OUT_1 Pin=U1-96
Added Net: Name=DAC_OUT_1
Added Pin To Net: NetName=DVCC_B Pin=C19-2
Added Pin To Net: NetName=DVCC_B Pin=U1-63
Added Net: Name=DVCC_B
Added Pin To Net: NetName=DVCC_PLL Pin=C17-2
Added Pin To Net: NetName=DVCC_PLL Pin=C18-2
Added Pin To Net: NetName=DVCC_PLL Pin=U1-249
Added Net: Name=DVCC_PLL
Added Pin To Net: NetName=GND_LPF_ADC1 Pin=C1-1
Added Pin To Net: NetName=GND_LPF_ADC1 Pin=C2-1
Added Pin To Net: NetName=GND_LPF_ADC1 Pin=C3-1
Added Pin To Net: NetName=GND_LPF_ADC1 Pin=C4-1
Added Pin To Net: NetName=GND_LPF_ADC1 Pin=C5-1
Added Pin To Net: NetName=GND_LPF_ADC1 Pin=C6-1
Added Pin To Net: NetName=GND_LPF_ADC1 Pin=C7-1
Added Pin To Net: NetName=GND_LPF_ADC1 Pin=C8-1
Added Pin To Net: NetName=GND_LPF_ADC1 Pin=C9-1
Added Pin To Net: NetName=GND_LPF_ADC1 Pin=C10-1
Added Pin To Net: NetName=GND_LPF_ADC1 Pin=C11-1
Added Pin To Net: NetName=GND_LPF_ADC1 Pin=C12-1
Added Pin To Net: NetName=GND_LPF_ADC1 Pin=C29-1
Added Pin To Net: NetName=GND_LPF_ADC1 Pin=C30-1
Added Pin To Net: NetName=GND_LPF_ADC1 Pin=C45-1
Added Pin To Net: NetName=GND_LPF_ADC1 Pin=L1-2
Added Pin To Net: NetName=GND_LPF_ADC1 Pin=R57-1
Added Pin To Net: NetName=GND_LPF_ADC1 Pin=R58-1
Added Pin To Net: NetName=GND_LPF_ADC1 Pin=R59-1
Added Pin To Net: NetName=GND_LPF_ADC1 Pin=U1-113
Added Pin To Net: NetName=GND_LPF_ADC1 Pin=U1-119
Added Pin To Net: NetName=GND_LPF_ADC1 Pin=X2-20
Added Net: Name=GND_LPF_ADC1
Added Pin To Net: NetName=GND Pin=C13-1
Added Pin To Net: NetName=GND Pin=C14-1
Added Pin To Net: NetName=GND Pin=C15-1
Added Pin To Net: NetName=GND Pin=C16-1
Added Pin To Net: NetName=GND Pin=C17-1
Added Pin To Net: NetName=GND Pin=C18-1
Added Pin To Net: NetName=GND Pin=C19-1
Added Pin To Net: NetName=GND Pin=C20-1
Added Pin To Net: NetName=GND Pin=C21-1
Added Pin To Net: NetName=GND Pin=C22-1
Added Pin To Net: NetName=GND Pin=C23-1
Added Pin To Net: NetName=GND Pin=C24-1
Added Pin To Net: NetName=GND Pin=C25-1
Added Pin To Net: NetName=GND Pin=C26-1
Added Pin To Net: NetName=GND Pin=C27-1
Added Pin To Net: NetName=GND Pin=C28-1
Added Pin To Net: NetName=GND Pin=C31-2
Added Pin To Net: NetName=GND Pin=C32-2
Added Pin To Net: NetName=GND Pin=C33-1
Added Pin To Net: NetName=GND Pin=C34-1
Added Pin To Net: NetName=GND Pin=C35-1
Added Pin To Net: NetName=GND Pin=C36-1
Added Pin To Net: NetName=GND Pin=C37-1
Added Pin To Net: NetName=GND Pin=C38-1
Added Pin To Net: NetName=GND Pin=C39-1
Added Pin To Net: NetName=GND Pin=C40-1
Added Pin To Net: NetName=GND Pin=C41-1
Added Pin To Net: NetName=GND Pin=C42-1
Added Pin To Net: NetName=GND Pin=C43-1
Added Pin To Net: NetName=GND Pin=C44-1
Added Pin To Net: NetName=GND Pin=L1-1
Added Pin To Net: NetName=GND Pin=R15-2
Added Pin To Net: NetName=GND Pin=R28-1
Added Pin To Net: NetName=GND Pin=R40-2
Added Pin To Net: NetName=GND Pin=R41-2
Added Pin To Net: NetName=GND Pin=R42-2
Added Pin To Net: NetName=GND Pin=R43-1
Added Pin To Net: NetName=GND Pin=R44-1
Added Pin To Net: NetName=GND Pin=R45-1
Added Pin To Net: NetName=GND Pin=R46-1
Added Pin To Net: NetName=GND Pin=R54-1
Added Pin To Net: NetName=GND Pin=R55-1
Added Pin To Net: NetName=GND Pin=RJ1-3
Added Pin To Net: NetName=GND Pin=RJ2-3
Added Pin To Net: NetName=GND Pin=RJ3-3
Added Pin To Net: NetName=GND Pin=RJ4-3
Added Pin To Net: NetName=GND Pin=RJ5-3
Added Pin To Net: NetName=GND Pin=RJ6-3
Added Pin To Net: NetName=GND Pin=RJ7-3
Added Pin To Net: NetName=GND Pin=RJ8-3
Added Pin To Net: NetName=GND Pin=T1-2
Added Pin To Net: NetName=GND Pin=T2-2
Added Pin To Net: NetName=GND Pin=U1-22
Added Pin To Net: NetName=GND Pin=U1-23
Added Pin To Net: NetName=GND Pin=U1-61
Added Pin To Net: NetName=GND Pin=U1-66
Added Pin To Net: NetName=GND Pin=U1-69
Added Pin To Net: NetName=GND Pin=U1-75
Added Pin To Net: NetName=GND Pin=U1-97
Added Pin To Net: NetName=GND Pin=U1-127
Added Pin To Net: NetName=GND Pin=U1-157
Added Pin To Net: NetName=GND Pin=U1-160
Added Pin To Net: NetName=GND Pin=U1-189
Added Pin To Net: NetName=GND Pin=U1-191
Added Pin To Net: NetName=GND Pin=U1-198
Added Pin To Net: NetName=GND Pin=U1-199
Added Pin To Net: NetName=GND Pin=U1-208
Added Pin To Net: NetName=GND Pin=U1-218
Added Pin To Net: NetName=GND Pin=U1-219
Added Pin To Net: NetName=GND Pin=U1-223
Added Pin To Net: NetName=GND Pin=U1-237
Added Pin To Net: NetName=GND Pin=U1-238
Added Pin To Net: NetName=GND Pin=U1-255
Added Pin To Net: NetName=GND Pin=U1-256
Added Pin To Net: NetName=GND Pin=U2-15
Added Pin To Net: NetName=GND Pin=U2-28
Added Pin To Net: NetName=GND Pin=U2-32
Added Pin To Net: NetName=GND Pin=U2-39
Added Pin To Net: NetName=GND Pin=U2-50
Added Pin To Net: NetName=GND Pin=U2-51
Added Pin To Net: NetName=GND Pin=U2-64
Added Pin To Net: NetName=GND Pin=U3-4
Added Pin To Net: NetName=GND Pin=U3-TP
Added Pin To Net: NetName=GND Pin=U3-TP
Added Pin To Net: NetName=GND Pin=U3-TP
Added Pin To Net: NetName=GND Pin=U3-TP
Added Pin To Net: NetName=GND Pin=U3-TP
Added Pin To Net: NetName=GND Pin=U3-TP
Added Pin To Net: NetName=GND Pin=U4-4
Added Pin To Net: NetName=GND Pin=U4-TP
Added Pin To Net: NetName=GND Pin=U4-TP
Added Pin To Net: NetName=GND Pin=U4-TP
Added Pin To Net: NetName=GND Pin=U4-TP
Added Pin To Net: NetName=GND Pin=U4-TP
Added Pin To Net: NetName=GND Pin=U4-TP
Added Pin To Net: NetName=GND Pin=U5-4
Added Pin To Net: NetName=GND Pin=U5-TP
Added Pin To Net: NetName=GND Pin=U5-TP
Added Pin To Net: NetName=GND Pin=U5-TP
Added Pin To Net: NetName=GND Pin=U5-TP
Added Pin To Net: NetName=GND Pin=U5-TP
Added Pin To Net: NetName=GND Pin=U5-TP
Added Pin To Net: NetName=GND Pin=U6-4
Added Pin To Net: NetName=GND Pin=U6-TP
Added Pin To Net: NetName=GND Pin=U6-TP
Added Pin To Net: NetName=GND Pin=U6-TP
Added Pin To Net: NetName=GND Pin=U6-TP
Added Pin To Net: NetName=GND Pin=U6-TP
Added Pin To Net: NetName=GND Pin=U6-TP
Added Pin To Net: NetName=GND Pin=U7-4
Added Pin To Net: NetName=GND Pin=U7-TP
Added Pin To Net: NetName=GND Pin=U7-TP
Added Pin To Net: NetName=GND Pin=U7-TP
Added Pin To Net: NetName=GND Pin=U7-TP
Added Pin To Net: NetName=GND Pin=U7-TP
Added Pin To Net: NetName=GND Pin=U7-TP
Added Pin To Net: NetName=GND Pin=U8-5
Added Pin To Net: NetName=GND Pin=U8-10
Added Pin To Net: NetName=GND Pin=U8-13
Added Pin To Net: NetName=GND Pin=U8-18
Added Pin To Net: NetName=GND Pin=X1-5
Added Pin To Net: NetName=GND Pin=X1-6
Added Pin To Net: NetName=GND Pin=X1-7
Added Pin To Net: NetName=GND Pin=X1-8
Added Pin To Net: NetName=GND Pin=X2-18
Added Net: Name=GND
Added Pin To Net: NetName=GPIO_0 Pin=U1-26
Added Net: Name=GPIO_0
Added Pin To Net: NetName=GPIO_1 Pin=R8-2
Added Pin To Net: NetName=GPIO_1 Pin=U1-19
Added Net: Name=GPIO_1
Added Pin To Net: NetName=GPIO_2 Pin=R2-2
Added Pin To Net: NetName=GPIO_2 Pin=X1-17
Added Pin To Net: NetName=GPIO_2 Pin=X1-18
Added Net: Name=GPIO_2
Added Pin To Net: NetName=GPIO_3 Pin=U1-17
Added Net: Name=GPIO_3
Added Pin To Net: NetName=GPIO_4 Pin=R1-1
Added Pin To Net: NetName=GPIO_4 Pin=U1-16
Added Net: Name=GPIO_4
Added Pin To Net: NetName=GPIO_5 Pin=U1-15
Added Net: Name=GPIO_5
Added Pin To Net: NetName=GPIO_6 Pin=U1-14
Added Net: Name=GPIO_6
Added Pin To Net: NetName=GPIO_7 Pin=U1-13
Added Net: Name=GPIO_7
Added Pin To Net: NetName=MCU_CLK Pin=R30-1
Added Net: Name=MCU_CLK
Added Pin To Net: NetName=MILA_RX_N Pin=U1-209
Added Pin To Net: NetName=MILA_RX_N Pin=U8-17
Added Net: Name=MILA_RX_N
Added Pin To Net: NetName=MILA_RX_P Pin=U1-210
Added Pin To Net: NetName=MILA_RX_P Pin=U8-16
Added Net: Name=MILA_RX_P
Added Pin To Net: NetName=MILA_TX_N Pin=R43-2
Added Pin To Net: NetName=MILA_TX_N Pin=U1-214
Added Pin To Net: NetName=MILA_TX_N Pin=U8-20
Added Net: Name=MILA_TX_N
Added Pin To Net: NetName=MILA_TX_P Pin=R44-2
Added Pin To Net: NetName=MILA_TX_P Pin=U1-212
Added Pin To Net: NetName=MILA_TX_P Pin=U8-19
Added Net: Name=MILA_TX_P
Added Pin To Net: NetName=MILB_RX_N Pin=U1-185
Added Pin To Net: NetName=MILB_RX_N Pin=U8-14
Added Net: Name=MILB_RX_N
Added Pin To Net: NetName=MILB_RX_P Pin=U1-186
Added Pin To Net: NetName=MILB_RX_P Pin=U8-15
Added Net: Name=MILB_RX_P
Added Pin To Net: NetName=MILB_TX_N Pin=R46-2
Added Pin To Net: NetName=MILB_TX_N Pin=U1-190
Added Pin To Net: NetName=MILB_TX_N Pin=U8-11
Added Net: Name=MILB_TX_N
Added Pin To Net: NetName=MILB_TX_P Pin=R45-2
Added Pin To Net: NetName=MILB_TX_P Pin=U1-188
Added Pin To Net: NetName=MILB_TX_P Pin=U8-12
Added Net: Name=MILB_TX_P
Added Pin To Net: NetName=MISO Pin=U1-239
Added Pin To Net: NetName=MISO Pin=U3-2
Added Pin To Net: NetName=MISO Pin=U4-2
Added Pin To Net: NetName=MISO Pin=U5-2
Added Pin To Net: NetName=MISO Pin=U6-2
Added Pin To Net: NetName=MISO Pin=U7-2
Added Net: Name=MISO
Added Pin To Net: NetName=MODE0 Pin=R38-2
Added Pin To Net: NetName=MODE0 Pin=U1-12
Added Net: Name=MODE0
Added Pin To Net: NetName=MODE1 Pin=R37-2
Added Pin To Net: NetName=MODE1 Pin=U1-11
Added Net: Name=MODE1
Added Pin To Net: NetName=MODE2 Pin=R36-2
Added Pin To Net: NetName=MODE2 Pin=U1-10
Added Net: Name=MODE2
Added Pin To Net: NetName=MODE3 Pin=R35-2
Added Pin To Net: NetName=MODE3 Pin=U1-9
Added Net: Name=MODE3
Added Pin To Net: NetName=MODE4 Pin=R34-2
Added Pin To Net: NetName=MODE4 Pin=U1-8
Added Net: Name=MODE4
Added Pin To Net: NetName=MODE5 Pin=R33-2
Added Pin To Net: NetName=MODE5 Pin=U1-7
Added Net: Name=MODE5
Added Pin To Net: NetName=MODE6 Pin=R32-2
Added Pin To Net: NetName=MODE6 Pin=U1-6
Added Net: Name=MODE6
Added Pin To Net: NetName=MODE7 Pin=R31-2
Added Pin To Net: NetName=MODE7 Pin=U1-5
Added Net: Name=MODE7
Added Pin To Net: NetName=MOSI Pin=U1-242
Added Pin To Net: NetName=MOSI Pin=U3-5
Added Pin To Net: NetName=MOSI Pin=U4-5
Added Pin To Net: NetName=MOSI Pin=U5-5
Added Pin To Net: NetName=MOSI Pin=U6-5
Added Pin To Net: NetName=MOSI Pin=U7-5
Added Net: Name=MOSI
Added Pin To Net: NetName=MPI_1_A Pin=R47-1
Added Pin To Net: NetName=MPI_1_A Pin=R48-1
Added Pin To Net: NetName=MPI_1_A Pin=X1-15
Added Pin To Net: NetName=MPI_1_A Pin=X1-16
Added Net: Name=MPI_1_A
Added Pin To Net: NetName=MPI_1_B Pin=R50-1
Added Pin To Net: NetName=MPI_1_B Pin=R51-1
Added Pin To Net: NetName=MPI_1_B Pin=X1-11
Added Pin To Net: NetName=MPI_1_B Pin=X1-12
Added Net: Name=MPI_1_B
Added Pin To Net: NetName=MPI_2_A Pin=R48-2
Added Pin To Net: NetName=MPI_2_A Pin=R49-1
Added Pin To Net: NetName=MPI_2_A Pin=X1-13
Added Pin To Net: NetName=MPI_2_A Pin=X1-14
Added Net: Name=MPI_2_A
Added Pin To Net: NetName=MPI_2_B Pin=R51-2
Added Pin To Net: NetName=MPI_2_B Pin=R52-1
Added Pin To Net: NetName=MPI_2_B Pin=X1-9
Added Pin To Net: NetName=MPI_2_B Pin=X1-10
Added Net: Name=MPI_2_B
Added Pin To Net: NetName=MPI_ADDR_0 Pin=R9-2
Added Pin To Net: NetName=MPI_ADDR_0 Pin=U1-171
Added Net: Name=MPI_ADDR_0
Added Pin To Net: NetName=MPI_ADDR_1 Pin=R10-2
Added Pin To Net: NetName=MPI_ADDR_1 Pin=U1-172
Added Net: Name=MPI_ADDR_1
Added Pin To Net: NetName=MPI_ADDR_2 Pin=R11-2
Added Pin To Net: NetName=MPI_ADDR_2 Pin=U1-179
Added Net: Name=MPI_ADDR_2
Added Pin To Net: NetName=MPI_ADDR_3 Pin=R12-2
Added Pin To Net: NetName=MPI_ADDR_3 Pin=U1-180
Added Net: Name=MPI_ADDR_3
Added Pin To Net: NetName=MPI_ADDR_4 Pin=R13-2
Added Pin To Net: NetName=MPI_ADDR_4 Pin=U1-181
Added Net: Name=MPI_ADDR_4
Added Pin To Net: NetName=MPI_ADDR_EVEN Pin=R14-2
Added Pin To Net: NetName=MPI_ADDR_EVEN Pin=U1-182
Added Net: Name=MPI_ADDR_EVEN
Added Pin To Net: NetName=NetC14_2 Pin=C14-2
Added Pin To Net: NetName=NetC14_2 Pin=U1-87
Added Pin To Net: NetName=NetC14_2 Pin=U1-92
Added Net: Name=NetC14_2
Added Pin To Net: NetName=NetC15_2 Pin=C15-2
Added Pin To Net: NetName=NetC15_2 Pin=U1-129
Added Pin To Net: NetName=NetC15_2 Pin=U1-130
Added Net: Name=NetC15_2
Added Pin To Net: NetName=NetC16_2 Pin=C16-2
Added Pin To Net: NetName=NetC16_2 Pin=U1-243
Added Net: Name=NetC16_2
Added Pin To Net: NetName=NetR3_2 Pin=R3-2
Added Pin To Net: NetName=NetR3_2 Pin=X1-3
Added Net: Name=NetR3_2
Added Pin To Net: NetName=NetR4_1 Pin=R4-1
Added Pin To Net: NetName=NetR4_1 Pin=X1-4
Added Net: Name=NetR4_1
Added Pin To Net: NetName=NetR5_2 Pin=R5-2
Added Pin To Net: NetName=NetR5_2 Pin=X1-1
Added Net: Name=NetR5_2
Added Pin To Net: NetName=NetR6_1 Pin=R6-1
Added Pin To Net: NetName=NetR6_1 Pin=X1-2
Added Net: Name=NetR6_1
Added Pin To Net: NetName=NetR7_2 Pin=R7-2
Added Pin To Net: NetName=NetR7_2 Pin=X2-1
Added Net: Name=NetR7_2
Added Pin To Net: NetName=NetR8_1 Pin=R8-1
Added Pin To Net: NetName=NetR8_1 Pin=X2-2
Added Net: Name=NetR8_1
Added Pin To Net: NetName=NetR28_2 Pin=R28-2
Added Pin To Net: NetName=NetR28_2 Pin=U1-251
Added Net: Name=NetR28_2
Added Pin To Net: NetName=NetR30_2 Pin=R30-2
Added Pin To Net: NetName=NetR30_2 Pin=U1-252
Added Net: Name=NetR30_2
Added Pin To Net: NetName=NetR39_2 Pin=R39-2
Added Pin To Net: NetName=NetR39_2 Pin=U1-131
Added Pin To Net: NetName=NetR39_2 Pin=U1-132
Added Net: Name=NetR39_2
Added Pin To Net: NetName=NetR40_1 Pin=R40-1
Added Pin To Net: NetName=NetR40_1 Pin=U1-93
Added Net: Name=NetR40_1
Added Pin To Net: NetName=NetR41_1 Pin=R41-1
Added Pin To Net: NetName=NetR41_1 Pin=U1-94
Added Net: Name=NetR41_1
Added Pin To Net: NetName=NetR42_1 Pin=R42-1
Added Pin To Net: NetName=NetR42_1 Pin=U1-118
Added Net: Name=NetR42_1
Added Pin To Net: NetName=NetR47_2 Pin=R47-2
Added Pin To Net: NetName=NetR47_2 Pin=T1-5
Added Net: Name=NetR47_2
Added Pin To Net: NetName=NetR49_2 Pin=R49-2
Added Pin To Net: NetName=NetR49_2 Pin=T1-8
Added Net: Name=NetR49_2
Added Pin To Net: NetName=NetR50_2 Pin=R50-2
Added Pin To Net: NetName=NetR50_2 Pin=T2-5
Added Net: Name=NetR50_2
Added Pin To Net: NetName=NetR52_2 Pin=R52-2
Added Pin To Net: NetName=NetR52_2 Pin=T2-8
Added Net: Name=NetR52_2
Added Pin To Net: NetName=NetR53_1 Pin=R53-1
Added Pin To Net: NetName=NetR53_1 Pin=R54-2
Added Pin To Net: NetName=NetR53_1 Pin=R55-2
Added Pin To Net: NetName=NetR53_1 Pin=U9-17
Added Net: Name=NetR53_1
Added Pin To Net: NetName=NetR56_1 Pin=R56-1
Added Pin To Net: NetName=NetR56_1 Pin=R57-2
Added Pin To Net: NetName=NetR56_1 Pin=R58-2
Added Pin To Net: NetName=NetR56_1 Pin=U10-17
Added Net: Name=NetR56_1
Added Pin To Net: NetName=NRST Pin=R29-1
Added Pin To Net: NetName=NRST Pin=U1-1
Added Pin To Net: NetName=NRST Pin=U1-3
Added Net: Name=NRST
Added Pin To Net: NetName=PWM_N Pin=U1-149
Added Net: Name=PWM_N
Added Pin To Net: NetName=PWM_P Pin=U1-150
Added Net: Name=PWM_P
Added Pin To Net: NetName=SCK Pin=U1-241
Added Pin To Net: NetName=SCK Pin=U3-6
Added Pin To Net: NetName=SCK Pin=U4-6
Added Pin To Net: NetName=SCK Pin=U5-6
Added Pin To Net: NetName=SCK Pin=U6-6
Added Pin To Net: NetName=SCK Pin=U7-6
Added Net: Name=SCK
Added Pin To Net: NetName=SET_0 Pin=RJ8-1
Added Pin To Net: NetName=SET_0 Pin=U1-139
Added Net: Name=SET_0
Added Pin To Net: NetName=SET_1 Pin=RJ7-1
Added Pin To Net: NetName=SET_1 Pin=U1-138
Added Net: Name=SET_1
Added Pin To Net: NetName=SET_2 Pin=RJ6-1
Added Pin To Net: NetName=SET_2 Pin=U1-137
Added Net: Name=SET_2
Added Pin To Net: NetName=SET_3 Pin=RJ5-1
Added Pin To Net: NetName=SET_3 Pin=U1-135
Added Net: Name=SET_3
Added Pin To Net: NetName=SET_4 Pin=RJ4-1
Added Pin To Net: NetName=SET_4 Pin=U1-134
Added Net: Name=SET_4
Added Pin To Net: NetName=SET_5 Pin=RJ3-1
Added Pin To Net: NetName=SET_5 Pin=U1-133
Added Net: Name=SET_5
Added Pin To Net: NetName=SET_6 Pin=RJ2-1
Added Pin To Net: NetName=SET_6 Pin=U1-128
Added Net: Name=SET_6
Added Pin To Net: NetName=SET_7 Pin=RJ1-1
Added Pin To Net: NetName=SET_7 Pin=U1-123
Added Net: Name=SET_7
Added Pin To Net: NetName=STM_0 Pin=U1-38
Added Net: Name=STM_0
Added Pin To Net: NetName=STM_1 Pin=U1-37
Added Net: Name=STM_1
Added Pin To Net: NetName=STM_2 Pin=U1-35
Added Net: Name=STM_2
Added Pin To Net: NetName=STM_3 Pin=U1-34
Added Net: Name=STM_3
Added Pin To Net: NetName=STM_4 Pin=U1-33
Added Net: Name=STM_4
Added Pin To Net: NetName=STM_5 Pin=U1-31
Added Net: Name=STM_5
Added Pin To Net: NetName=STM_6 Pin=U1-30
Added Net: Name=STM_6
Added Pin To Net: NetName=STM_7 Pin=U1-29
Added Net: Name=STM_7
Added Pin To Net: NetName=STM_8 Pin=U1-28
Added Net: Name=STM_8
Added Pin To Net: NetName=STM_9 Pin=U1-27
Added Net: Name=STM_9
Added Pin To Net: NetName=SWCLK Pin=U1-250
Added Net: Name=SWCLK
Added Pin To Net: NetName=SWDIO Pin=U1-248
Added Net: Name=SWDIO
Added Pin To Net: NetName=SWDO Pin=U1-246
Added Net: Name=SWDO
Added Pin To Net: NetName=UART_RX_DBG Pin=U1-164
Added Net: Name=UART_RX_DBG
Added Pin To Net: NetName=UART_TX_DBG Pin=U1-165
Added Net: Name=UART_TX_DBG
Added Pin To Net: NetName=~CS_0 Pin=U1-57
Added Pin To Net: NetName=~CS_0 Pin=U2-44
Added Net: Name=~CS_0
Added Pin To Net: NetName=~CS_1 Pin=U1-56
Added Net: Name=~CS_1
Added Pin To Net: NetName=~FS_0 Pin=U1-240
Added Pin To Net: NetName=~FS_0 Pin=U3-1
Added Net: Name=~FS_0
Added Pin To Net: NetName=~FS_1 Pin=U1-236
Added Pin To Net: NetName=~FS_1 Pin=U4-1
Added Net: Name=~FS_1
Added Pin To Net: NetName=~FS_2 Pin=U1-235
Added Pin To Net: NetName=~FS_2 Pin=U5-1
Added Net: Name=~FS_2
Added Pin To Net: NetName=~FS_3 Pin=U1-234
Added Pin To Net: NetName=~FS_3 Pin=U6-1
Added Net: Name=~FS_3
Added Pin To Net: NetName=~FS_4 Pin=U1-231
Added Pin To Net: NetName=~FS_4 Pin=U7-1
Added Net: Name=~FS_4
Added Pin To Net: NetName=~OE Pin=U1-53
Added Pin To Net: NetName=~OE Pin=U2-58
Added Net: Name=~OE
Added Pin To Net: NetName=~WE Pin=U1-52
Added Pin To Net: NetName=~WE Pin=U2-63
Added Net: Name=~WE
Added Pin To Net: NetName=Адр_0 Pin=R9-1
Added Net: Name=Адр_0
Added Pin To Net: NetName=Адр_1 Pin=R10-1
Added Net: Name=Адр_1
Added Pin To Net: NetName=Адр_2 Pin=R11-1
Added Net: Name=Адр_2
Added Pin To Net: NetName=Адр_3 Pin=R12-1
Added Net: Name=Адр_3
Added Pin To Net: NetName=Адр_4 Pin=R13-1
Added Net: Name=Адр_4
Added Pin To Net: NetName=Адр_Четн Pin=R14-1
Added Net: Name=Адр_Четн
Added Class: Name=dv_mcu
Added Class: Name=LPF_ADC1
Added Class: Name=LPF_ADC2
Added Class: Name=LPF_ADC3
Added Class: Name=LPF_ADC4
Added Class: Name=LPF_ADC5
Added Class: Name=LPF_ADC6
Added Class: Name=LPF_ADC7
Added Class: Name=LPF_ADC8
Added Class: Name=LPF_ADC9
Added Class: Name=LPF_ADC10
Added Class: Name=LPF_DAC1
Added Class: Name=LPF_DAC2
Added Class: Name=MCU
Added Class: Name=Memory
Added Class: Name=MPI_driver
Added Class: Name=power
Added Class: Name=ADC_[0..9]
Added Class: Name=ADC_IN_[0..9]
Added Class: Name=DAC_[0..1]
Added Class: Name=DAC_OUT_[0..1]
Added Class: Name=dv_mcu_analog_lpf
Added Room: Name=dv_mcu
Added Room: Name=LPF_ADC1
Added Room: Name=LPF_ADC2
Added Room: Name=LPF_ADC3
Added Room: Name=LPF_ADC4
Added Room: Name=LPF_ADC5
Added Room: Name=LPF_ADC6
Added Room: Name=LPF_ADC7
Added Room: Name=LPF_ADC8
Added Room: Name=LPF_ADC9
Added Room: Name=LPF_ADC10
Added Room: Name=LPF_DAC1
Added Room: Name=LPF_DAC2
Added Room: Name=MCU
Added Room: Name=Memory
Added Room: Name=MPI_driver
Added Room: Name=power
